TN:
SF:D:\blibli\blibliExperience\blibliweb\src\components\Header.vue
FN:28,(anonymous_1)
FN:39,(anonymous_2)
FN:43,(anonymous_3)
FN:47,(anonymous_4)
FN:56,(anonymous_5)
FN:63,(anonymous_6)
FNF:6
FNH:3
FNDA:2,(anonymous_1)
FNDA:2,(anonymous_2)
FNDA:0,(anonymous_3)
FNDA:0,(anonymous_4)
FNDA:0,(anonymous_5)
FNDA:1,(anonymous_6)
DA:25,2
DA:29,2
DA:40,2
DA:44,0
DA:45,0
DA:46,0
DA:54,0
DA:55,0
DA:58,0
DA:64,1
DA:65,1
LF:11
LH:5
BRF:0
BRH:0
end_of_record
TN:
SF:D:\blibli\blibliExperience\blibliweb\src\components\MainMenu.vue
FN:45,(anonymous_1)
FN:80,(anonymous_2)
FN:100,(anonymous_3)
FN:107,(anonymous_4)
FN:118,(anonymous_5)
FN:122,(anonymous_6)
FN:125,(anonymous_7)
FN:126,(anonymous_8)
FN:130,(anonymous_9)
FN:141,(anonymous_10)
FN:142,(anonymous_11)
FN:145,(anonymous_12)
FNF:12
FNH:0
FNDA:0,(anonymous_1)
FNDA:0,(anonymous_2)
FNDA:0,(anonymous_3)
FNDA:0,(anonymous_4)
FNDA:0,(anonymous_5)
FNDA:0,(anonymous_6)
FNDA:0,(anonymous_7)
FNDA:0,(anonymous_8)
FNDA:0,(anonymous_9)
FNDA:0,(anonymous_10)
FNDA:0,(anonymous_11)
FNDA:0,(anonymous_12)
DA:41,1
DA:42,1
DA:46,0
DA:85,0
DA:86,0
DA:87,0
DA:101,0
DA:102,0
DA:103,0
DA:108,0
DA:109,0
DA:110,0
DA:119,0
DA:120,0
DA:123,0
DA:126,0
DA:127,0
DA:129,0
DA:130,0
DA:133,0
DA:134,0
DA:135,0
DA:136,0
DA:142,0
DA:146,0
DA:147,0
DA:148,0
LF:27
LH:2
BRDA:129,0,0,0
BRDA:129,0,1,0
BRF:2
BRH:0
end_of_record
TN:
SF:D:\blibli\blibliExperience\blibliweb\src\views\Category.vue
FN:37,(anonymous_1)
FN:38,(anonymous_2)
FN:43,(anonymous_3)
FN:51,(anonymous_4)
FN:56,(anonymous_5)
FNF:5
FNH:5
FNDA:2,(anonymous_1)
FNDA:2,(anonymous_2)
FNDA:2,(anonymous_3)
FNDA:2,(anonymous_4)
FNDA:1,(anonymous_5)
DA:25,1
DA:26,1
DA:27,1
DA:28,1
DA:38,2
DA:40,2
DA:44,2
DA:52,2
DA:57,1
LF:9
LH:9
BRF:0
BRH:0
end_of_record
TN:
SF:D:\blibli\blibliExperience\blibliweb\src\views\Home.vue
FN:109,(anonymous_1)
FN:119,(anonymous_2)
FNF:2
FNH:2
FNDA:2,(anonymous_1)
FNDA:1,(anonymous_2)
DA:96,1
DA:97,1
DA:98,1
DA:99,1
DA:110,2
DA:120,1
LF:6
LH:6
BRF:0
BRH:0
end_of_record
TN:
SF:D:\blibli\blibliExperience\blibliweb\src\views\Login.vue
FN:64,(anonymous_1)
FN:77,(anonymous_2)
FN:81,(anonymous_3)
FN:87,(anonymous_4)
FN:100,(anonymous_5)
FN:106,(anonymous_6)
FN:116,(anonymous_7)
FN:123,(anonymous_8)
FN:134,(anonymous_9)
FN:140,(anonymous_10)
FN:141,(anonymous_11)
FN:147,(anonymous_12)
FN:153,(anonymous_13)
FNF:13
FNH:7
FNDA:6,(anonymous_1)
FNDA:6,(anonymous_2)
FNDA:0,(anonymous_3)
FNDA:0,(anonymous_4)
FNDA:0,(anonymous_5)
FNDA:1,(anonymous_6)
FNDA:1,(anonymous_7)
FNDA:1,(anonymous_8)
FNDA:0,(anonymous_9)
FNDA:0,(anonymous_10)
FNDA:0,(anonymous_11)
FNDA:2,(anonymous_12)
FNDA:2,(anonymous_13)
DA:54,1
DA:55,1
DA:56,1
DA:65,6
DA:78,6
DA:84,0
DA:85,0
DA:86,0
DA:94,0
DA:95,0
DA:96,0
DA:98,0
DA:101,0
DA:102,0
DA:107,1
DA:109,1
DA:110,1
DA:111,0
DA:113,0
DA:118,1
DA:120,1
DA:121,1
DA:124,1
DA:125,1
DA:126,1
DA:127,1
DA:128,1
DA:129,1
DA:134,1
DA:136,0
DA:137,0
DA:138,0
DA:139,0
DA:140,0
DA:143,0
DA:148,2
DA:149,0
DA:150,0
DA:154,2
DA:155,0
DA:156,0
DA:157,2
LF:42
LH:21
BRDA:95,0,0,0
BRDA:95,0,1,0
BRDA:110,1,0,0
BRDA:110,1,1,0
BRDA:127,2,0,1
BRDA:127,2,1,0
BRDA:127,3,0,1
BRDA:127,3,1,1
BRDA:148,4,0,0
BRDA:148,4,1,2
BRDA:148,5,0,2
BRDA:148,5,1,2
BRDA:154,6,0,0
BRDA:154,6,1,2
BRDA:154,7,0,2
BRDA:154,7,1,2
BRF:16
BRH:9
end_of_record
TN:
SF:D:\blibli\blibliExperience\blibliweb\src\views\Signup.vue
FN:101,(anonymous_1)
FN:126,(anonymous_2)
FN:137,(anonymous_3)
FN:148,(anonymous_4)
FN:161,(anonymous_5)
FN:168,(anonymous_6)
FN:179,(anonymous_7)
FN:190,(anonymous_8)
FN:200,(anonymous_9)
FN:216,(anonymous_10)
FN:221,(anonymous_11)
FN:235,(anonymous_12)
FN:237,(anonymous_13)
FN:241,(anonymous_14)
FN:243,(anonymous_15)
FNF:15
FNH:0
FNDA:0,(anonymous_1)
FNDA:0,(anonymous_2)
FNDA:0,(anonymous_3)
FNDA:0,(anonymous_4)
FNDA:0,(anonymous_5)
FNDA:0,(anonymous_6)
FNDA:0,(anonymous_7)
FNDA:0,(anonymous_8)
FNDA:0,(anonymous_9)
FNDA:0,(anonymous_10)
FNDA:0,(anonymous_11)
FNDA:0,(anonymous_12)
FNDA:0,(anonymous_13)
FNDA:0,(anonymous_14)
FNDA:0,(anonymous_15)
DA:91,0
DA:92,0
DA:93,0
DA:102,0
DA:127,0
DA:128,0
DA:130,0
DA:131,0
DA:132,0
DA:134,0
DA:138,0
DA:139,0
DA:140,0
DA:142,0
DA:143,0
DA:146,0
DA:150,0
DA:152,0
DA:153,0
DA:154,0
DA:155,0
DA:156,0
DA:157,0
DA:158,0
DA:162,0
DA:163,0
DA:164,0
DA:166,0
DA:169,0
DA:170,0
DA:171,0
DA:173,0
DA:174,0
DA:176,0
DA:177,0
DA:180,0
DA:181,0
DA:182,0
DA:184,0
DA:185,0
DA:187,0
DA:188,0
DA:191,0
DA:192,0
DA:193,0
DA:194,0
DA:196,0
DA:197,0
DA:201,0
DA:209,0
DA:210,0
DA:212,0
DA:213,0
DA:217,0
DA:219,0
DA:222,0
DA:224,0
DA:230,0
DA:235,0
DA:237,0
DA:239,0
DA:240,0
DA:241,0
DA:245,0
LF:64
LH:0
BRDA:127,0,0,0
BRDA:127,0,1,0
BRDA:128,1,0,0
BRDA:128,1,1,0
BRDA:131,2,0,0
BRDA:131,2,1,0
BRDA:138,3,0,0
BRDA:138,3,1,0
BRDA:138,4,0,0
BRDA:138,4,1,0
BRDA:155,5,0,0
BRDA:155,5,1,0
BRDA:162,6,0,0
BRDA:162,6,1,0
BRDA:169,7,0,0
BRDA:169,7,1,0
BRDA:169,8,0,0
BRDA:169,8,1,0
BRDA:180,9,0,0
BRDA:180,9,1,0
BRDA:180,10,0,0
BRDA:180,10,1,0
BRDA:191,11,0,0
BRDA:191,11,1,0
BRDA:191,12,0,0
BRDA:191,12,1,0
BRDA:191,12,2,0
BRDA:201,13,0,0
BRDA:201,13,1,0
BRDA:201,14,0,0
BRDA:201,14,1,0
BRDA:201,14,2,0
BRDA:201,14,3,0
BRDA:201,14,4,0
BRDA:201,14,5,0
BRDA:201,14,6,0
BRDA:201,14,7,0
BRDA:201,14,8,0
BRDA:201,14,9,0
BRDA:201,14,10,0
BRDA:217,15,0,0
BRDA:217,15,1,0
BRF:42
BRH:0
end_of_record
TN:
SF:D:\blibli\blibliExperience\blibliweb\src\views\admin\KonfirmasiBarter.vue
FN:120,(anonymous_1)
FNF:1
FNH:0
FNDA:0,(anonymous_1)
DA:112,0
DA:113,0
DA:121,0
LF:3
LH:0
BRF:0
BRH:0
end_of_record
TN:
SF:D:\blibli\blibliExperience\blibliweb\src\views\user\Cart.vue
FN:217,(anonymous_1)
FN:228,(anonymous_2)
FN:233,(anonymous_3)
FN:243,(anonymous_4)
FN:248,(anonymous_5)
FN:253,(anonymous_6)
FN:258,(anonymous_7)
FN:275,(anonymous_8)
FN:278,(anonymous_9)
FN:281,(anonymous_10)
FN:283,(anonymous_11)
FN:287,(anonymous_12)
FNF:12
FNH:0
FNDA:0,(anonymous_1)
FNDA:0,(anonymous_2)
FNDA:0,(anonymous_3)
FNDA:0,(anonymous_4)
FNDA:0,(anonymous_5)
FNDA:0,(anonymous_6)
FNDA:0,(anonymous_7)
FNDA:0,(anonymous_8)
FNDA:0,(anonymous_9)
FNDA:0,(anonymous_10)
FNDA:0,(anonymous_11)
FNDA:0,(anonymous_12)
DA:207,0
DA:208,0
DA:209,0
DA:218,0
DA:229,0
DA:230,0
DA:231,0
DA:232,0
DA:242,0
DA:244,0
DA:249,0
DA:250,0
DA:254,0
DA:255,0
DA:259,0
DA:260,0
DA:261,0
DA:262,0
DA:263,0
DA:265,0
DA:268,0
DA:269,0
DA:271,0
DA:272,0
DA:276,0
DA:280,0
DA:281,0
DA:285,0
DA:289,0
DA:290,0
LF:30
LH:0
BRDA:262,0,0,0
BRDA:262,0,1,0
BRDA:268,1,0,0
BRDA:268,1,1,0
BRDA:271,2,0,0
BRDA:271,2,1,0
BRDA:289,3,0,0
BRDA:289,3,1,0
BRF:8
BRH:0
end_of_record
TN:
SF:D:\blibli\blibliExperience\blibliweb\src\views\user\ChangePassword.vue
FN:69,(anonymous_1)
FN:81,(anonymous_2)
FN:87,(anonymous_3)
FN:99,(anonymous_4)
FN:105,(anonymous_5)
FN:108,(anonymous_6)
FN:115,(anonymous_7)
FN:122,(anonymous_8)
FN:129,(anonymous_9)
FN:146,(anonymous_10)
FN:157,(anonymous_11)
FNF:11
FNH:0
FNDA:0,(anonymous_1)
FNDA:0,(anonymous_2)
FNDA:0,(anonymous_3)
FNDA:0,(anonymous_4)
FNDA:0,(anonymous_5)
FNDA:0,(anonymous_6)
FNDA:0,(anonymous_7)
FNDA:0,(anonymous_8)
FNDA:0,(anonymous_9)
FNDA:0,(anonymous_10)
FNDA:0,(anonymous_11)
DA:59,0
DA:60,0
DA:61,0
DA:70,0
DA:84,0
DA:85,0
DA:86,0
DA:94,0
DA:95,0
DA:97,0
DA:98,0
DA:100,0
DA:101,0
DA:106,0
DA:109,0
DA:110,0
DA:112,0
DA:116,0
DA:117,0
DA:119,0
DA:123,0
DA:124,0
DA:126,0
DA:130,0
DA:131,0
DA:132,0
DA:133,0
DA:136,0
DA:137,0
DA:139,0
DA:145,0
DA:153,0
DA:154,0
DA:156,0
DA:158,0
LF:35
LH:0
BRDA:94,0,0,0
BRDA:94,0,1,0
BRDA:109,1,0,0
BRDA:109,1,1,0
BRDA:116,2,0,0
BRDA:116,2,1,0
BRDA:123,3,0,0
BRDA:123,3,1,0
BRDA:133,4,0,0
BRDA:133,4,1,0
BRDA:133,5,0,0
BRDA:133,5,1,0
BRDA:133,5,2,0
BRDA:153,6,0,0
BRDA:153,6,1,0
BRF:15
BRH:0
end_of_record
TN:
SF:D:\blibli\blibliExperience\blibliweb\src\views\user\Profile.vue
FN:73,(anonymous_1)
FN:87,(anonymous_2)
FN:93,(anonymous_3)
FN:111,(anonymous_4)
FN:117,(anonymous_5)
FNF:5
FNH:0
FNDA:0,(anonymous_1)
FNDA:0,(anonymous_2)
FNDA:0,(anonymous_3)
FNDA:0,(anonymous_4)
FNDA:0,(anonymous_5)
DA:63,0
DA:64,0
DA:65,0
DA:74,0
DA:90,0
DA:91,0
DA:92,0
DA:100,0
DA:101,0
DA:104,0
DA:105,0
DA:106,0
DA:107,0
DA:108,0
DA:109,0
DA:110,0
DA:112,0
DA:113,0
DA:118,0
DA:119,0
LF:20
LH:0
BRDA:100,0,0,0
BRDA:100,0,1,0
BRF:2
BRH:0
end_of_record
