TN:
SF:D:\blibli\blibliExperience\blibliweb\src\components\Barcode.vue
FN:21,(anonymous_1)
FN:34,(anonymous_2)
FN:41,(anonymous_3)
FN:42,(anonymous_4)
FN:45,(anonymous_5)
FNF:5
FNH:0
FNDA:0,(anonymous_1)
FNDA:0,(anonymous_2)
FNDA:0,(anonymous_3)
FNDA:0,(anonymous_4)
FNDA:0,(anonymous_5)
DA:13,1
DA:14,1
DA:15,1
DA:17,1
DA:22,0
DA:35,0
DA:36,0
DA:37,0
DA:38,0
DA:42,0
DA:44,0
DA:47,0
LF:12
LH:4
BRDA:36,0,0,0
BRDA:36,0,1,0
BRF:2
BRH:0
end_of_record
TN:
SF:D:\blibli\blibliExperience\blibliweb\src\components\BarterHeader.vue
FN:23,(anonymous_1)
FNF:1
FNH:0
FNDA:0,(anonymous_1)
DA:24,0
LF:1
LH:0
BRF:0
BRH:0
end_of_record
TN:
SF:D:\blibli\blibliExperience\blibliweb\src\components\BottomNavigation.vue
FN:42,(anonymous_1)
FN:47,(anonymous_2)
FN:51,(anonymous_3)
FN:55,(anonymous_4)
FNF:4
FNH:0
FNDA:0,(anonymous_1)
FNDA:0,(anonymous_2)
FNDA:0,(anonymous_3)
FNDA:0,(anonymous_4)
DA:38,3
DA:39,3
DA:43,0
DA:48,0
DA:52,0
DA:53,0
DA:54,0
DA:62,0
LF:8
LH:2
BRF:0
BRH:0
end_of_record
TN:
SF:D:\blibli\blibliExperience\blibliweb\src\components\CariBarangHeader.vue
FN:23,(anonymous_1)
FNF:1
FNH:0
FNDA:0,(anonymous_1)
DA:24,0
LF:1
LH:0
BRF:0
BRH:0
end_of_record
TN:
SF:D:\blibli\blibliExperience\blibliweb\src\components\CariProductComponent.vue
FN:95,(anonymous_1)
FN:117,(anonymous_2)
FN:122,(anonymous_3)
FN:129,(anonymous_4)
FN:139,(anonymous_5)
FN:140,(anonymous_6)
FN:142,(anonymous_7)
FN:149,(anonymous_8)
FN:168,(anonymous_9)
FN:186,(anonymous_10)
FN:195,(anonymous_11)
FN:203,(anonymous_12)
FN:214,(anonymous_13)
FN:218,(anonymous_14)
FNF:14
FNH:0
FNDA:0,(anonymous_1)
FNDA:0,(anonymous_2)
FNDA:0,(anonymous_3)
FNDA:0,(anonymous_4)
FNDA:0,(anonymous_5)
FNDA:0,(anonymous_6)
FNDA:0,(anonymous_7)
FNDA:0,(anonymous_8)
FNDA:0,(anonymous_9)
FNDA:0,(anonymous_10)
FNDA:0,(anonymous_11)
FNDA:0,(anonymous_12)
FNDA:0,(anonymous_13)
FNDA:0,(anonymous_14)
DA:91,0
DA:92,0
DA:96,0
DA:118,0
DA:119,0
DA:123,0
DA:126,0
DA:127,0
DA:128,0
DA:136,0
DA:140,0
DA:142,0
DA:143,0
DA:150,0
DA:151,0
DA:152,0
DA:167,0
DA:168,0
DA:169,0
DA:171,0
DA:172,0
DA:186,0
DA:193,0
DA:194,0
DA:197,0
DA:200,0
DA:205,0
DA:210,0
DA:211,0
DA:215,0
DA:216,0
DA:219,0
LF:32
LH:0
BRDA:172,0,0,0
BRDA:172,0,1,0
BRDA:172,1,0,0
BRDA:172,1,1,0
BRDA:172,1,2,0
BRDA:172,1,3,0
BRDA:172,1,4,0
BRDA:172,1,5,0
BRDA:172,1,6,0
BRDA:172,1,7,0
BRDA:172,1,8,0
BRDA:172,1,9,0
BRDA:172,1,10,0
BRDA:172,1,11,0
BRDA:205,2,0,0
BRDA:205,2,1,0
BRDA:205,3,0,0
BRDA:205,3,1,0
BRDA:205,3,2,0
BRF:19
BRH:0
end_of_record
TN:
SF:D:\blibli\blibliExperience\blibliweb\src\components\ConfirmHeader.vue
FN:23,(anonymous_1)
FN:30,(anonymous_2)
FNF:2
FNH:0
FNDA:0,(anonymous_1)
FNDA:0,(anonymous_2)
DA:24,0
DA:31,0
LF:2
LH:0
BRF:0
BRH:0
end_of_record
TN:
SF:D:\blibli\blibliExperience\blibliweb\src\components\DaftarPenawaranBarang.vue
FN:97,(anonymous_1)
FN:118,(anonymous_2)
FN:123,(anonymous_3)
FN:129,(anonymous_4)
FN:139,(anonymous_5)
FN:145,(anonymous_6)
FN:156,(anonymous_7)
FN:162,(anonymous_8)
FN:168,(anonymous_9)
FN:179,(anonymous_10)
FN:185,(anonymous_11)
FN:189,(anonymous_12)
FN:193,(anonymous_13)
FN:197,(anonymous_14)
FN:201,(anonymous_15)
FNF:15
FNH:0
FNDA:0,(anonymous_1)
FNDA:0,(anonymous_2)
FNDA:0,(anonymous_3)
FNDA:0,(anonymous_4)
FNDA:0,(anonymous_5)
FNDA:0,(anonymous_6)
FNDA:0,(anonymous_7)
FNDA:0,(anonymous_8)
FNDA:0,(anonymous_9)
FNDA:0,(anonymous_10)
FNDA:0,(anonymous_11)
FNDA:0,(anonymous_12)
FNDA:0,(anonymous_13)
FNDA:0,(anonymous_14)
FNDA:0,(anonymous_15)
DA:93,0
DA:94,0
DA:98,0
DA:119,0
DA:120,0
DA:126,0
DA:127,0
DA:128,0
DA:140,0
DA:141,0
DA:142,0
DA:143,0
DA:144,0
DA:152,0
DA:153,0
DA:154,0
DA:158,0
DA:163,0
DA:164,0
DA:165,0
DA:166,0
DA:167,0
DA:175,0
DA:176,0
DA:177,0
DA:181,0
DA:186,0
DA:187,0
DA:190,0
DA:191,0
DA:194,0
DA:195,0
DA:198,0
DA:199,0
DA:202,0
DA:203,0
DA:204,0
DA:206,0
DA:207,0
DA:209,0
DA:210,0
DA:211,0
LF:42
LH:0
BRDA:153,0,0,0
BRDA:153,0,1,0
BRDA:176,1,0,0
BRDA:176,1,1,0
BRDA:203,2,0,0
BRDA:203,2,1,0
BRDA:206,3,0,0
BRDA:206,3,1,0
BRDA:211,4,0,0
BRDA:211,4,1,0
BRF:10
BRH:0
end_of_record
TN:
SF:D:\blibli\blibliExperience\blibliweb\src\components\DaftarPenawaranBarter.vue
FN:55,(anonymous_1)
FN:64,(anonymous_2)
FN:69,(anonymous_3)
FN:75,(anonymous_4)
FN:85,(anonymous_5)
FN:89,(anonymous_6)
FN:97,(anonymous_7)
FN:102,(anonymous_8)
FN:108,(anonymous_9)
FN:112,(anonymous_10)
FNF:10
FNH:0
FNDA:0,(anonymous_1)
FNDA:0,(anonymous_2)
FNDA:0,(anonymous_3)
FNDA:0,(anonymous_4)
FNDA:0,(anonymous_5)
FNDA:0,(anonymous_6)
FNDA:0,(anonymous_7)
FNDA:0,(anonymous_8)
FNDA:0,(anonymous_9)
FNDA:0,(anonymous_10)
DA:51,0
DA:52,0
DA:56,0
DA:65,0
DA:66,0
DA:72,0
DA:73,0
DA:74,0
DA:82,0
DA:86,0
DA:87,0
DA:88,0
DA:96,0
DA:99,0
DA:103,0
DA:104,0
DA:106,0
DA:109,0
DA:110,0
DA:113,0
DA:114,0
LF:21
LH:0
BRDA:103,0,0,0
BRDA:103,0,1,0
BRF:2
BRH:0
end_of_record
TN:
SF:D:\blibli\blibliExperience\blibliweb\src\components\DaftarPengajuanBarang.vue
FN:113,(anonymous_1)
FN:139,(anonymous_2)
FN:144,(anonymous_3)
FN:147,(anonymous_4)
FN:153,(anonymous_5)
FN:163,(anonymous_6)
FN:168,(anonymous_7)
FN:176,(anonymous_8)
FN:182,(anonymous_9)
FN:187,(anonymous_10)
FN:195,(anonymous_11)
FN:201,(anonymous_12)
FN:206,(anonymous_13)
FN:215,(anonymous_14)
FN:221,(anonymous_15)
FN:225,(anonymous_16)
FN:229,(anonymous_17)
FN:233,(anonymous_18)
FN:237,(anonymous_19)
FNF:19
FNH:0
FNDA:0,(anonymous_1)
FNDA:0,(anonymous_2)
FNDA:0,(anonymous_3)
FNDA:0,(anonymous_4)
FNDA:0,(anonymous_5)
FNDA:0,(anonymous_6)
FNDA:0,(anonymous_7)
FNDA:0,(anonymous_8)
FNDA:0,(anonymous_9)
FNDA:0,(anonymous_10)
FNDA:0,(anonymous_11)
FNDA:0,(anonymous_12)
FNDA:0,(anonymous_13)
FNDA:0,(anonymous_14)
FNDA:0,(anonymous_15)
FNDA:0,(anonymous_16)
FNDA:0,(anonymous_17)
FNDA:0,(anonymous_18)
FNDA:0,(anonymous_19)
DA:109,0
DA:110,0
DA:114,0
DA:140,0
DA:141,0
DA:145,0
DA:150,0
DA:151,0
DA:152,0
DA:160,0
DA:164,0
DA:165,0
DA:166,0
DA:167,0
DA:175,0
DA:178,0
DA:183,0
DA:184,0
DA:185,0
DA:186,0
DA:194,0
DA:197,0
DA:202,0
DA:203,0
DA:204,0
DA:205,0
DA:213,0
DA:214,0
DA:217,0
DA:222,0
DA:223,0
DA:226,0
DA:227,0
DA:230,0
DA:231,0
DA:234,0
DA:235,0
DA:238,0
DA:239,0
DA:240,0
DA:241,0
DA:242,0
DA:244,0
DA:245,0
DA:246,0
DA:247,0
DA:248,0
DA:250,0
LF:48
LH:0
BRDA:242,0,0,0
BRDA:242,0,1,0
BRDA:244,1,0,0
BRDA:244,1,1,0
BRDA:246,2,0,0
BRDA:246,2,1,0
BRF:6
BRH:0
end_of_record
TN:
SF:D:\blibli\blibliExperience\blibliweb\src\components\DaftarPengajuanBarter.vue
FN:42,(anonymous_1)
FN:48,(anonymous_2)
FN:53,(anonymous_3)
FN:59,(anonymous_4)
FN:69,(anonymous_5)
FN:73,(anonymous_6)
FN:81,(anonymous_7)
FN:86,(anonymous_8)
FN:92,(anonymous_9)
FNF:9
FNH:0
FNDA:0,(anonymous_1)
FNDA:0,(anonymous_2)
FNDA:0,(anonymous_3)
FNDA:0,(anonymous_4)
FNDA:0,(anonymous_5)
FNDA:0,(anonymous_6)
FNDA:0,(anonymous_7)
FNDA:0,(anonymous_8)
FNDA:0,(anonymous_9)
DA:38,0
DA:39,0
DA:43,0
DA:49,0
DA:50,0
DA:56,0
DA:57,0
DA:58,0
DA:66,0
DA:70,0
DA:71,0
DA:72,0
DA:80,0
DA:83,0
DA:87,0
DA:88,0
DA:90,0
DA:93,0
DA:94,0
LF:19
LH:0
BRDA:87,0,0,0
BRDA:87,0,1,0
BRF:2
BRH:0
end_of_record
TN:
SF:D:\blibli\blibliExperience\blibliweb\src\components\DaftarPenjualHeader.vue
FN:45,(anonymous_1)
FN:52,(anonymous_2)
FN:55,(anonymous_3)
FNF:3
FNH:0
FNDA:0,(anonymous_1)
FNDA:0,(anonymous_2)
FNDA:0,(anonymous_3)
DA:46,0
DA:53,0
DA:56,0
DA:57,0
LF:4
LH:0
BRF:0
BRH:0
end_of_record
TN:
SF:D:\blibli\blibliExperience\blibliweb\src\components\Header.vue
FN:82,(anonymous_1)
FN:93,(anonymous_2)
FN:97,(anonymous_3)
FN:101,(anonymous_4)
FN:113,(anonymous_5)
FNF:5
FNH:0
FNDA:0,(anonymous_1)
FNDA:0,(anonymous_2)
FNDA:0,(anonymous_3)
FNDA:0,(anonymous_4)
FNDA:0,(anonymous_5)
DA:78,1
DA:79,1
DA:83,0
DA:94,0
DA:98,0
DA:99,0
DA:100,0
DA:108,0
DA:114,0
DA:115,0
LF:10
LH:2
BRF:0
BRH:0
end_of_record
TN:
SF:D:\blibli\blibliExperience\blibliweb\src\components\HeaderWithCart.vue
FN:51,(anonymous_1)
FN:58,(anonymous_2)
FN:62,(anonymous_3)
FN:65,(anonymous_4)
FN:69,(anonymous_5)
FN:73,(anonymous_6)
FNF:6
FNH:0
FNDA:0,(anonymous_1)
FNDA:0,(anonymous_2)
FNDA:0,(anonymous_3)
FNDA:0,(anonymous_4)
FNDA:0,(anonymous_5)
FNDA:0,(anonymous_6)
DA:47,5
DA:48,5
DA:52,0
DA:59,0
DA:63,0
DA:66,0
DA:67,0
DA:70,0
DA:71,0
DA:72,0
DA:80,0
LF:11
LH:2
BRF:0
BRH:0
end_of_record
TN:
SF:D:\blibli\blibliExperience\blibliweb\src\components\MainMenu.vue
FN:54,(anonymous_1)
FN:63,(anonymous_2)
FN:68,(anonymous_3)
FN:72,(anonymous_4)
FN:73,(anonymous_5)
FN:78,(anonymous_6)
FN:83,(anonymous_7)
FN:88,(anonymous_8)
FN:93,(anonymous_9)
FN:94,(anonymous_10)
FN:99,(anonymous_11)
FNF:11
FNH:0
FNDA:0,(anonymous_1)
FNDA:0,(anonymous_2)
FNDA:0,(anonymous_3)
FNDA:0,(anonymous_4)
FNDA:0,(anonymous_5)
FNDA:0,(anonymous_6)
FNDA:0,(anonymous_7)
FNDA:0,(anonymous_8)
FNDA:0,(anonymous_9)
FNDA:0,(anonymous_10)
FNDA:0,(anonymous_11)
DA:51,1
DA:55,0
DA:64,0
DA:65,0
DA:69,0
DA:70,0
DA:73,0
DA:75,0
DA:78,0
DA:80,0
DA:83,0
DA:85,0
DA:88,0
DA:90,0
DA:94,0
DA:96,0
DA:100,0
DA:101,0
LF:18
LH:1
BRF:0
BRH:0
end_of_record
TN:
SF:D:\blibli\blibliExperience\blibliweb\src\components\MapHeader.vue
FN:24,(anonymous_1)
FNF:1
FNH:0
FNDA:0,(anonymous_1)
DA:25,0
LF:1
LH:0
BRF:0
BRH:0
end_of_record
TN:
SF:D:\blibli\blibliExperience\blibliweb\src\components\PaymentHeader.vue
FN:22,(anonymous_1)
FN:29,(anonymous_2)
FNF:2
FNH:0
FNDA:0,(anonymous_1)
FNDA:0,(anonymous_2)
DA:23,0
DA:30,0
LF:2
LH:0
BRF:0
BRH:0
end_of_record
TN:
SF:D:\blibli\blibliExperience\blibliweb\src\components\PesananMasukMerchant.vue
FN:43,(anonymous_1)
FN:54,(anonymous_2)
FN:59,(anonymous_3)
FN:67,(anonymous_4)
FN:77,(anonymous_5)
FN:83,(anonymous_6)
FN:90,(anonymous_7)
FN:97,(anonymous_8)
FN:100,(anonymous_9)
FN:110,(anonymous_10)
FN:116,(anonymous_11)
FN:120,(anonymous_12)
FN:124,(anonymous_13)
FN:139,(anonymous_14)
FNF:14
FNH:0
FNDA:0,(anonymous_1)
FNDA:0,(anonymous_2)
FNDA:0,(anonymous_3)
FNDA:0,(anonymous_4)
FNDA:0,(anonymous_5)
FNDA:0,(anonymous_6)
FNDA:0,(anonymous_7)
FNDA:0,(anonymous_8)
FNDA:0,(anonymous_9)
FNDA:0,(anonymous_10)
FNDA:0,(anonymous_11)
FNDA:0,(anonymous_12)
FNDA:0,(anonymous_13)
FNDA:0,(anonymous_14)
DA:39,0
DA:40,0
DA:44,0
DA:55,0
DA:56,0
DA:60,0
DA:63,0
DA:65,0
DA:66,0
DA:74,0
DA:80,0
DA:81,0
DA:82,0
DA:90,0
DA:91,0
DA:92,0
DA:96,0
DA:97,0
DA:98,0
DA:99,0
DA:100,0
DA:101,0
DA:102,0
DA:104,0
DA:105,0
DA:107,0
DA:108,0
DA:112,0
DA:114,0
DA:117,0
DA:118,0
DA:121,0
DA:122,0
DA:125,0
DA:126,0
DA:129,0
DA:130,0
DA:133,0
DA:134,0
DA:137,0
DA:140,0
DA:141,0
LF:42
LH:0
BRDA:91,0,0,0
BRDA:91,0,1,0
BRDA:101,1,0,0
BRDA:101,1,1,0
BRDA:125,2,0,0
BRDA:125,2,1,0
BRDA:129,3,0,0
BRDA:129,3,1,0
BRDA:133,4,0,0
BRDA:133,4,1,0
BRF:10
BRH:0
end_of_record
TN:
SF:D:\blibli\blibliExperience\blibliweb\src\components\PlainHeader.vue
FN:44,(anonymous_1)
FN:51,(anonymous_2)
FN:54,(anonymous_3)
FNF:3
FNH:0
FNDA:0,(anonymous_1)
FNDA:0,(anonymous_2)
FNDA:0,(anonymous_3)
DA:45,0
DA:52,0
DA:55,0
DA:56,0
LF:4
LH:0
BRF:0
BRH:0
end_of_record
TN:
SF:D:\blibli\blibliExperience\blibliweb\src\components\PlainHeaderMarket.vue
FN:44,(anonymous_1)
FN:51,(anonymous_2)
FN:54,(anonymous_3)
FNF:3
FNH:0
FNDA:0,(anonymous_1)
FNDA:0,(anonymous_2)
FNDA:0,(anonymous_3)
DA:45,0
DA:52,0
DA:55,0
DA:56,0
LF:4
LH:0
BRF:0
BRH:0
end_of_record
TN:
SF:D:\blibli\blibliExperience\blibliweb\src\components\PostProductComponent.vue
FN:85,(anonymous_1)
FN:105,(anonymous_2)
FN:110,(anonymous_3)
FN:117,(anonymous_4)
FN:127,(anonymous_5)
FN:128,(anonymous_6)
FN:130,(anonymous_7)
FN:137,(anonymous_8)
FN:154,(anonymous_9)
FN:170,(anonymous_10)
FN:179,(anonymous_11)
FN:187,(anonymous_12)
FN:197,(anonymous_13)
FN:201,(anonymous_14)
FNF:14
FNH:0
FNDA:0,(anonymous_1)
FNDA:0,(anonymous_2)
FNDA:0,(anonymous_3)
FNDA:0,(anonymous_4)
FNDA:0,(anonymous_5)
FNDA:0,(anonymous_6)
FNDA:0,(anonymous_7)
FNDA:0,(anonymous_8)
FNDA:0,(anonymous_9)
FNDA:0,(anonymous_10)
FNDA:0,(anonymous_11)
FNDA:0,(anonymous_12)
FNDA:0,(anonymous_13)
FNDA:0,(anonymous_14)
DA:81,0
DA:82,0
DA:86,0
DA:106,0
DA:107,0
DA:111,0
DA:114,0
DA:115,0
DA:116,0
DA:124,0
DA:128,0
DA:130,0
DA:131,0
DA:138,0
DA:139,0
DA:140,0
DA:153,0
DA:154,0
DA:155,0
DA:157,0
DA:158,0
DA:170,0
DA:177,0
DA:178,0
DA:181,0
DA:184,0
DA:189,0
DA:193,0
DA:194,0
DA:198,0
DA:199,0
DA:202,0
LF:32
LH:0
BRDA:158,0,0,0
BRDA:158,0,1,0
BRDA:158,1,0,0
BRDA:158,1,1,0
BRDA:158,1,2,0
BRDA:158,1,3,0
BRDA:158,1,4,0
BRDA:158,1,5,0
BRDA:158,1,6,0
BRDA:158,1,7,0
BRDA:158,1,8,0
BRDA:158,1,9,0
BRDA:189,2,0,0
BRDA:189,2,1,0
BRDA:189,3,0,0
BRDA:189,3,1,0
BRF:16
BRH:0
end_of_record
TN:
SF:D:\blibli\blibliExperience\blibliweb\src\components\Qrcode.vue
FN:18,(anonymous_1)
FN:27,(anonymous_2)
FN:28,(anonymous_3)
FN:33,(anonymous_4)
FN:37,(anonymous_5)
FN:40,(anonymous_6)
FNF:6
FNH:0
FNDA:0,(anonymous_1)
FNDA:0,(anonymous_2)
FNDA:0,(anonymous_3)
FNDA:0,(anonymous_4)
FNDA:0,(anonymous_5)
FNDA:0,(anonymous_6)
DA:13,1
DA:14,1
DA:19,0
DA:28,0
DA:30,0
DA:34,0
DA:35,0
DA:38,0
DA:41,0
DA:42,0
DA:44,0
DA:45,0
LF:12
LH:2
BRDA:44,0,0,0
BRDA:44,0,1,0
BRF:2
BRH:0
end_of_record
TN:
SF:D:\blibli\blibliExperience\blibliweb\src\components\SearchHeader.vue
FN:20,(anonymous_1)
FN:27,(anonymous_2)
FNF:2
FNH:0
FNDA:0,(anonymous_1)
FNDA:0,(anonymous_2)
DA:21,0
DA:28,0
LF:2
LH:0
BRF:0
BRH:0
end_of_record
TN:
SF:D:\blibli\blibliExperience\blibliweb\src\views\Account.vue
FN:116,(anonymous_1)
FN:126,(anonymous_2)
FN:130,(anonymous_3)
FN:136,(anonymous_4)
FN:149,(anonymous_5)
FN:154,(anonymous_6)
FN:161,(anonymous_7)
FNF:7
FNH:5
FNDA:2,(anonymous_1)
FNDA:2,(anonymous_2)
FNDA:3,(anonymous_3)
FNDA:3,(anonymous_4)
FNDA:0,(anonymous_5)
FNDA:0,(anonymous_6)
FNDA:2,(anonymous_7)
DA:103,1
DA:104,1
DA:105,1
DA:106,1
DA:107,1
DA:117,2
DA:127,2
DA:133,3
DA:134,3
DA:135,3
DA:143,3
DA:144,0
DA:146,3
DA:147,3
DA:148,3
DA:151,0
DA:155,0
DA:156,0
DA:157,0
DA:162,2
DA:163,2
LF:21
LH:16
BRDA:143,0,0,0
BRDA:143,0,1,3
BRF:2
BRH:1
end_of_record
TN:
SF:D:\blibli\blibliExperience\blibliweb\src\views\Category.vue
FN:37,(anonymous_1)
FN:38,(anonymous_2)
FN:43,(anonymous_3)
FN:51,(anonymous_4)
FN:56,(anonymous_5)
FNF:5
FNH:5
FNDA:2,(anonymous_1)
FNDA:2,(anonymous_2)
FNDA:2,(anonymous_3)
FNDA:2,(anonymous_4)
FNDA:1,(anonymous_5)
DA:25,1
DA:26,1
DA:27,1
DA:28,1
DA:38,2
DA:40,2
DA:44,2
DA:52,2
DA:57,1
LF:9
LH:9
BRF:0
BRH:0
end_of_record
TN:
SF:D:\blibli\blibliExperience\blibliweb\src\views\CategoryPage.vue
FN:133,(anonymous_1)
FN:148,(anonymous_2)
FN:152,(anonymous_3)
FN:153,(anonymous_4)
FN:158,(anonymous_5)
FN:159,(anonymous_6)
FN:166,(anonymous_7)
FN:170,(anonymous_8)
FN:176,(anonymous_9)
FNF:9
FNH:6
FNDA:3,(anonymous_1)
FNDA:3,(anonymous_2)
FNDA:1,(anonymous_3)
FNDA:0,(anonymous_4)
FNDA:3,(anonymous_5)
FNDA:3,(anonymous_6)
FNDA:1,(anonymous_7)
FNDA:0,(anonymous_8)
FNDA:0,(anonymous_9)
DA:124,1
DA:125,1
DA:126,1
DA:134,3
DA:149,3
DA:153,1
DA:159,3
DA:161,3
DA:162,3
DA:163,0
DA:167,1
DA:168,1
DA:171,0
DA:172,0
DA:177,0
DA:178,0
LF:16
LH:11
BRF:0
BRH:0
end_of_record
TN:
SF:D:\blibli\blibliExperience\blibliweb\src\views\DaftarPesanan.vue
FN:91,(anonymous_1)
FN:109,(anonymous_2)
FN:114,(anonymous_3)
FN:122,(anonymous_4)
FN:128,(anonymous_5)
FN:141,(anonymous_6)
FN:146,(anonymous_7)
FN:152,(anonymous_8)
FN:162,(anonymous_9)
FN:168,(anonymous_10)
FN:171,(anonymous_11)
FN:182,(anonymous_12)
FN:188,(anonymous_13)
FN:192,(anonymous_14)
FN:198,(anonymous_15)
FN:202,(anonymous_16)
FNF:16
FNH:7
FNDA:2,(anonymous_1)
FNDA:2,(anonymous_2)
FNDA:1,(anonymous_3)
FNDA:2,(anonymous_4)
FNDA:0,(anonymous_5)
FNDA:2,(anonymous_6)
FNDA:3,(anonymous_7)
FNDA:0,(anonymous_8)
FNDA:0,(anonymous_9)
FNDA:0,(anonymous_10)
FNDA:0,(anonymous_11)
FNDA:3,(anonymous_12)
FNDA:0,(anonymous_13)
FNDA:0,(anonymous_14)
FNDA:0,(anonymous_15)
FNDA:0,(anonymous_16)
DA:81,1
DA:82,1
DA:83,1
DA:84,1
DA:92,2
DA:110,2
DA:111,2
DA:115,1
DA:116,1
DA:117,1
DA:118,1
DA:119,7
DA:125,2
DA:126,2
DA:127,2
DA:135,0
DA:136,0
DA:138,0
DA:139,0
DA:140,0
DA:143,2
DA:149,3
DA:150,3
DA:151,3
DA:159,0
DA:160,0
DA:161,0
DA:162,0
DA:163,0
DA:164,0
DA:167,0
DA:168,0
DA:169,0
DA:170,0
DA:171,0
DA:172,0
DA:173,0
DA:175,0
DA:176,0
DA:178,0
DA:179,0
DA:180,0
DA:184,3
DA:186,3
DA:189,0
DA:190,0
DA:193,0
DA:194,0
DA:196,0
DA:199,0
DA:200,0
DA:203,0
DA:204,0
LF:53
LH:21
BRDA:119,0,0,3
BRDA:119,0,1,1
BRDA:135,1,0,0
BRDA:135,1,1,0
BRDA:163,2,0,0
BRDA:163,2,1,0
BRDA:172,3,0,0
BRDA:172,3,1,0
BRDA:193,4,0,0
BRDA:193,4,1,0
BRF:10
BRH:2
end_of_record
TN:
SF:D:\blibli\blibliExperience\blibliweb\src\views\DetailDaftarPesanan.vue
FN:90,(anonymous_1)
FN:101,(anonymous_2)
FN:106,(anonymous_3)
FN:112,(anonymous_4)
FN:125,(anonymous_5)
FN:130,(anonymous_6)
FN:136,(anonymous_7)
FN:144,(anonymous_8)
FN:149,(anonymous_9)
FN:154,(anonymous_10)
FN:158,(anonymous_11)
FN:162,(anonymous_12)
FN:168,(anonymous_13)
FN:183,(anonymous_14)
FN:186,(anonymous_15)
FN:195,(anonymous_16)
FN:201,(anonymous_17)
FNF:17
FNH:10
FNDA:1,(anonymous_1)
FNDA:1,(anonymous_2)
FNDA:1,(anonymous_3)
FNDA:0,(anonymous_4)
FNDA:1,(anonymous_5)
FNDA:1,(anonymous_6)
FNDA:0,(anonymous_7)
FNDA:0,(anonymous_8)
FNDA:1,(anonymous_9)
FNDA:3,(anonymous_10)
FNDA:0,(anonymous_11)
FNDA:1,(anonymous_12)
FNDA:1,(anonymous_13)
FNDA:0,(anonymous_14)
FNDA:0,(anonymous_15)
FNDA:0,(anonymous_16)
FNDA:1,(anonymous_17)
DA:80,1
DA:81,1
DA:82,1
DA:83,1
DA:91,1
DA:102,1
DA:103,1
DA:109,1
DA:110,1
DA:111,1
DA:119,0
DA:120,0
DA:122,0
DA:123,0
DA:124,0
DA:127,1
DA:131,1
DA:134,1
DA:135,1
DA:143,0
DA:144,0
DA:145,0
DA:147,0
DA:148,0
DA:151,1
DA:155,3
DA:156,3
DA:159,0
DA:160,0
DA:163,1
DA:164,0
DA:166,1
DA:169,1
DA:170,0
DA:172,1
DA:173,0
DA:175,1
DA:176,0
DA:178,1
DA:179,0
DA:181,1
DA:184,0
DA:185,0
DA:193,0
DA:194,0
DA:197,0
DA:202,1
DA:203,1
LF:48
LH:26
BRDA:119,0,0,0
BRDA:119,0,1,0
BRDA:163,1,0,0
BRDA:163,1,1,1
BRDA:169,2,0,0
BRDA:169,2,1,1
BRDA:172,3,0,0
BRDA:172,3,1,1
BRDA:175,4,0,0
BRDA:175,4,1,1
BRDA:178,5,0,0
BRDA:178,5,1,1
BRF:12
BRH:5
end_of_record
TN:
SF:D:\blibli\blibliExperience\blibliweb\src\views\DetailProduct.vue
FN:177,(anonymous_1)
FN:181,(anonymous_2)
FN:199,(anonymous_3)
FN:200,(anonymous_4)
FN:205,(anonymous_5)
FN:209,(anonymous_6)
FN:213,(anonymous_7)
FN:217,(anonymous_8)
FN:227,(anonymous_9)
FN:232,(anonymous_10)
FN:243,(anonymous_11)
FN:258,(anonymous_12)
FN:267,(anonymous_13)
FN:277,(anonymous_14)
FN:289,(anonymous_15)
FN:299,(anonymous_16)
FN:308,(anonymous_17)
FN:313,(anonymous_18)
FN:317,(anonymous_19)
FN:321,(anonymous_20)
FN:324,(anonymous_21)
FN:330,(anonymous_22)
FN:340,(anonymous_23)
FN:346,(anonymous_24)
FN:356,(anonymous_25)
FN:362,(anonymous_26)
FN:370,(anonymous_27)
FN:379,(anonymous_28)
FN:391,(anonymous_29)
FN:398,(anonymous_30)
FN:399,(anonymous_31)
FN:405,(anonymous_32)
FN:408,(anonymous_33)
FNF:33
FNH:0
FNDA:0,(anonymous_1)
FNDA:0,(anonymous_2)
FNDA:0,(anonymous_3)
FNDA:0,(anonymous_4)
FNDA:0,(anonymous_5)
FNDA:0,(anonymous_6)
FNDA:0,(anonymous_7)
FNDA:0,(anonymous_8)
FNDA:0,(anonymous_9)
FNDA:0,(anonymous_10)
FNDA:0,(anonymous_11)
FNDA:0,(anonymous_12)
FNDA:0,(anonymous_13)
FNDA:0,(anonymous_14)
FNDA:0,(anonymous_15)
FNDA:0,(anonymous_16)
FNDA:0,(anonymous_17)
FNDA:0,(anonymous_18)
FNDA:0,(anonymous_19)
FNDA:0,(anonymous_20)
FNDA:0,(anonymous_21)
FNDA:0,(anonymous_22)
FNDA:0,(anonymous_23)
FNDA:0,(anonymous_24)
FNDA:0,(anonymous_25)
FNDA:0,(anonymous_26)
FNDA:0,(anonymous_27)
FNDA:0,(anonymous_28)
FNDA:0,(anonymous_29)
FNDA:0,(anonymous_30)
FNDA:0,(anonymous_31)
FNDA:0,(anonymous_32)
FNDA:0,(anonymous_33)
DA:167,0
DA:168,0
DA:169,0
DA:170,0
DA:178,0
DA:179,0
DA:182,0
DA:200,0
DA:202,0
DA:206,0
DA:207,0
DA:210,0
DA:211,0
DA:214,0
DA:215,0
DA:218,0
DA:219,0
DA:220,0
DA:221,0
DA:222,0
DA:224,0
DA:228,0
DA:229,0
DA:230,0
DA:231,0
DA:239,0
DA:240,0
DA:242,0
DA:243,0
DA:244,0
DA:246,0
DA:248,0
DA:249,0
DA:253,0
DA:254,0
DA:255,0
DA:260,0
DA:261,0
DA:263,0
DA:269,0
DA:270,0
DA:275,0
DA:276,0
DA:284,0
DA:285,0
DA:290,0
DA:291,0
DA:292,0
DA:298,0
DA:306,0
DA:307,0
DA:310,0
DA:314,0
DA:315,0
DA:318,0
DA:322,0
DA:327,0
DA:328,0
DA:329,0
DA:337,0
DA:343,0
DA:344,0
DA:345,0
DA:353,0
DA:354,0
DA:356,0
DA:357,0
DA:359,0
DA:361,0
DA:362,0
DA:366,0
DA:367,0
DA:372,0
DA:373,0
DA:375,0
DA:380,0
DA:381,0
DA:382,0
DA:383,0
DA:384,0
DA:390,0
DA:398,0
DA:401,0
DA:403,0
DA:406,0
DA:409,0
LF:86
LH:0
BRDA:218,0,0,0
BRDA:218,0,1,0
BRDA:239,1,0,0
BRDA:239,1,1,0
BRDA:244,2,0,0
BRDA:244,2,1,0
BRDA:253,3,0,0
BRDA:253,3,1,0
BRDA:260,4,0,0
BRDA:260,4,1,0
BRDA:269,5,0,0
BRDA:269,5,1,0
BRDA:353,6,0,0
BRDA:353,6,1,0
BRDA:357,7,0,0
BRDA:357,7,1,0
BRDA:366,8,0,0
BRDA:366,8,1,0
BRDA:372,9,0,0
BRDA:372,9,1,0
BRF:20
BRH:0
end_of_record
TN:
SF:D:\blibli\blibliExperience\blibliweb\src\views\DetailScan.vue
FN:113,(anonymous_1)
FN:128,(anonymous_2)
FN:132,(anonymous_3)
FN:133,(anonymous_4)
FN:139,(anonymous_5)
FN:145,(anonymous_6)
FN:155,(anonymous_7)
FN:159,(anonymous_8)
FN:163,(anonymous_9)
FN:166,(anonymous_10)
FN:170,(anonymous_11)
FN:174,(anonymous_12)
FN:177,(anonymous_13)
FN:180,(anonymous_14)
FN:185,(anonymous_15)
FN:195,(anonymous_16)
FN:208,(anonymous_17)
FN:217,(anonymous_18)
FN:227,(anonymous_19)
FN:236,(anonymous_20)
FN:241,(anonymous_21)
FN:247,(anonymous_22)
FN:257,(anonymous_23)
FN:263,(anonymous_24)
FN:271,(anonymous_25)
FN:280,(anonymous_26)
FN:292,(anonymous_27)
FN:299,(anonymous_28)
FN:300,(anonymous_29)
FN:306,(anonymous_30)
FN:316,(anonymous_31)
FNF:31
FNH:0
FNDA:0,(anonymous_1)
FNDA:0,(anonymous_2)
FNDA:0,(anonymous_3)
FNDA:0,(anonymous_4)
FNDA:0,(anonymous_5)
FNDA:0,(anonymous_6)
FNDA:0,(anonymous_7)
FNDA:0,(anonymous_8)
FNDA:0,(anonymous_9)
FNDA:0,(anonymous_10)
FNDA:0,(anonymous_11)
FNDA:0,(anonymous_12)
FNDA:0,(anonymous_13)
FNDA:0,(anonymous_14)
FNDA:0,(anonymous_15)
FNDA:0,(anonymous_16)
FNDA:0,(anonymous_17)
FNDA:0,(anonymous_18)
FNDA:0,(anonymous_19)
FNDA:0,(anonymous_20)
FNDA:0,(anonymous_21)
FNDA:0,(anonymous_22)
FNDA:0,(anonymous_23)
FNDA:0,(anonymous_24)
FNDA:0,(anonymous_25)
FNDA:0,(anonymous_26)
FNDA:0,(anonymous_27)
FNDA:0,(anonymous_28)
FNDA:0,(anonymous_29)
FNDA:0,(anonymous_30)
FNDA:0,(anonymous_31)
DA:103,0
DA:104,0
DA:105,0
DA:106,0
DA:114,0
DA:129,0
DA:133,0
DA:135,0
DA:136,0
DA:142,0
DA:143,0
DA:144,0
DA:152,0
DA:156,0
DA:157,0
DA:160,0
DA:161,0
DA:164,0
DA:167,0
DA:168,0
DA:171,0
DA:172,0
DA:175,0
DA:178,0
DA:181,0
DA:182,0
DA:183,0
DA:184,0
DA:192,0
DA:193,0
DA:195,0
DA:196,0
DA:198,0
DA:200,0
DA:204,0
DA:205,0
DA:210,0
DA:211,0
DA:213,0
DA:218,0
DA:219,0
DA:220,0
DA:226,0
DA:234,0
DA:235,0
DA:238,0
DA:244,0
DA:245,0
DA:246,0
DA:254,0
DA:255,0
DA:257,0
DA:258,0
DA:260,0
DA:262,0
DA:263,0
DA:267,0
DA:268,0
DA:273,0
DA:274,0
DA:276,0
DA:281,0
DA:282,0
DA:283,0
DA:284,0
DA:285,0
DA:291,0
DA:299,0
DA:302,0
DA:304,0
DA:308,0
DA:309,0
DA:314,0
DA:315,0
DA:323,0
DA:324,0
LF:76
LH:0
BRDA:192,0,0,0
BRDA:192,0,1,0
BRDA:196,1,0,0
BRDA:196,1,1,0
BRDA:204,2,0,0
BRDA:204,2,1,0
BRDA:210,3,0,0
BRDA:210,3,1,0
BRDA:254,4,0,0
BRDA:254,4,1,0
BRDA:258,5,0,0
BRDA:258,5,1,0
BRDA:267,6,0,0
BRDA:267,6,1,0
BRDA:273,7,0,0
BRDA:273,7,1,0
BRDA:308,8,0,0
BRDA:308,8,1,0
BRF:18
BRH:0
end_of_record
TN:
SF:D:\blibli\blibliExperience\blibliweb\src\views\Home.vue
FN:175,(anonymous_1)
FN:185,(anonymous_2)
FN:188,(anonymous_3)
FNF:3
FNH:2
FNDA:2,(anonymous_1)
FNDA:1,(anonymous_2)
FNDA:0,(anonymous_3)
DA:162,1
DA:163,1
DA:164,1
DA:165,1
DA:176,2
DA:186,1
DA:189,0
LF:7
LH:6
BRF:0
BRH:0
end_of_record
TN:
SF:D:\blibli\blibliExperience\blibliweb\src\views\HubungiKami.vue
FNF:0
FNH:0
DA:59,1
DA:60,1
LF:2
LH:2
BRF:0
BRH:0
end_of_record
TN:
SF:D:\blibli\blibliExperience\blibliweb\src\views\Location.vue
FN:33,(anonymous_1)
FN:42,(anonymous_2)
FN:50,(anonymous_3)
FN:51,(anonymous_4)
FN:53,(anonymous_5)
FN:72,(anonymous_6)
FN:87,(anonymous_7)
FN:88,(anonymous_8)
FN:89,(anonymous_9)
FN:90,(anonymous_10)
FN:96,(anonymous_11)
FN:97,(anonymous_12)
FN:98,(anonymous_13)
FN:106,(anonymous_14)
FN:113,(anonymous_15)
FN:124,(anonymous_16)
FN:127,(anonymous_17)
FN:129,(anonymous_18)
FN:139,(anonymous_19)
FN:144,(anonymous_20)
FNF:20
FNH:6
FNDA:2,(anonymous_1)
FNDA:2,(anonymous_2)
FNDA:2,(anonymous_3)
FNDA:2,(anonymous_4)
FNDA:2,(anonymous_5)
FNDA:2,(anonymous_6)
FNDA:0,(anonymous_7)
FNDA:0,(anonymous_8)
FNDA:0,(anonymous_9)
FNDA:0,(anonymous_10)
FNDA:0,(anonymous_11)
FNDA:0,(anonymous_12)
FNDA:0,(anonymous_13)
FNDA:0,(anonymous_14)
FNDA:0,(anonymous_15)
FNDA:0,(anonymous_16)
FNDA:0,(anonymous_17)
FNDA:0,(anonymous_18)
FNDA:0,(anonymous_19)
FNDA:0,(anonymous_20)
DA:24,1
DA:25,1
DA:26,1
DA:34,2
DA:43,2
DA:44,2
DA:45,0
DA:46,0
DA:51,2
DA:53,2
DA:54,2
DA:55,2
DA:73,2
DA:74,0
DA:80,0
DA:81,0
DA:82,0
DA:83,0
DA:88,0
DA:89,0
DA:90,0
DA:92,0
DA:97,0
DA:98,0
DA:99,0
DA:100,0
DA:102,0
DA:107,0
DA:111,0
DA:114,0
DA:118,0
DA:119,0
DA:121,0
DA:122,0
DA:125,0
DA:126,0
DA:127,0
DA:128,0
DA:129,0
DA:130,0
DA:136,0
DA:140,0
DA:141,0
DA:145,0
DA:146,0
LF:45
LH:11
BRDA:54,0,0,2
BRDA:54,0,1,0
BRDA:99,1,0,0
BRDA:99,1,1,0
BRDA:128,2,0,0
BRDA:128,2,1,0
BRDA:140,3,0,0
BRDA:140,3,1,0
BRF:8
BRH:1
end_of_record
TN:
SF:D:\blibli\blibliExperience\blibliweb\src\views\Login.vue
FN:69,(anonymous_1)
FN:82,(anonymous_2)
FN:86,(anonymous_3)
FN:92,(anonymous_4)
FN:105,(anonymous_5)
FN:110,(anonymous_6)
FN:120,(anonymous_7)
FN:127,(anonymous_8)
FN:137,(anonymous_9)
FN:142,(anonymous_10)
FN:148,(anonymous_11)
FN:155,(anonymous_12)
FN:161,(anonymous_13)
FNF:13
FNH:11
FNDA:9,(anonymous_1)
FNDA:9,(anonymous_2)
FNDA:2,(anonymous_3)
FNDA:2,(anonymous_4)
FNDA:2,(anonymous_5)
FNDA:1,(anonymous_6)
FNDA:1,(anonymous_7)
FNDA:2,(anonymous_8)
FNDA:2,(anonymous_9)
FNDA:0,(anonymous_10)
FNDA:0,(anonymous_11)
FNDA:4,(anonymous_12)
FNDA:4,(anonymous_13)
DA:58,1
DA:59,1
DA:60,1
DA:61,1
DA:70,9
DA:83,9
DA:89,2
DA:90,2
DA:91,2
DA:99,2
DA:100,2
DA:101,2
DA:103,0
DA:106,2
DA:111,1
DA:113,1
DA:114,1
DA:115,1
DA:117,0
DA:122,1
DA:124,1
DA:125,1
DA:128,2
DA:129,2
DA:130,2
DA:131,2
DA:132,2
DA:133,2
DA:137,2
DA:139,2
DA:140,2
DA:141,2
DA:142,2
DA:143,2
DA:145,0
DA:146,0
DA:150,0
DA:151,0
DA:156,4
DA:157,1
DA:158,1
DA:162,4
DA:163,1
DA:164,1
DA:165,3
LF:45
LH:39
BRDA:100,0,0,2
BRDA:100,0,1,0
BRDA:114,1,0,1
BRDA:114,1,1,0
BRDA:131,2,0,2
BRDA:131,2,1,0
BRDA:131,3,0,2
BRDA:131,3,1,2
BRDA:139,4,0,2
BRDA:139,4,1,0
BRDA:156,5,0,1
BRDA:156,5,1,3
BRDA:156,6,0,4
BRDA:156,6,1,4
BRDA:162,7,0,1
BRDA:162,7,1,3
BRDA:162,8,0,4
BRDA:162,8,1,4
BRF:18
BRH:14
end_of_record
TN:
SF:D:\blibli\blibliExperience\blibliweb\src\views\NotFound.vue
FNF:0
FNH:0
DA:17,1
LF:1
LH:1
BRF:0
BRH:0
end_of_record
TN:
SF:D:\blibli\blibliExperience\blibliweb\src\views\Scanner.vue
FN:58,(anonymous_1)
FN:76,(anonymous_2)
FN:80,(anonymous_3)
FN:81,(anonymous_4)
FN:83,(anonymous_5)
FN:97,(anonymous_6)
FN:101,(anonymous_7)
FN:105,(anonymous_8)
FN:108,(anonymous_9)
FN:111,(anonymous_10)
FN:113,(anonymous_11)
FN:124,(anonymous_12)
FNF:12
FNH:5
FNDA:3,(anonymous_1)
FNDA:3,(anonymous_2)
FNDA:3,(anonymous_3)
FNDA:0,(anonymous_4)
FNDA:0,(anonymous_5)
FNDA:1,(anonymous_6)
FNDA:1,(anonymous_7)
FNDA:0,(anonymous_8)
FNDA:0,(anonymous_9)
FNDA:0,(anonymous_10)
FNDA:0,(anonymous_11)
FNDA:0,(anonymous_12)
DA:47,1
DA:48,1
DA:49,1
DA:50,1
DA:59,3
DA:77,3
DA:81,3
DA:83,0
DA:84,0
DA:85,0
DA:98,1
DA:99,1
DA:102,1
DA:103,1
DA:106,0
DA:109,0
DA:110,0
DA:111,0
DA:112,0
DA:113,0
DA:114,0
DA:121,0
DA:125,0
DA:126,0
LF:24
LH:11
BRDA:84,0,0,0
BRDA:84,0,1,0
BRDA:112,1,0,0
BRDA:112,1,1,0
BRDA:125,2,0,0
BRDA:125,2,1,0
BRF:6
BRH:0
end_of_record
TN:
SF:D:\blibli\blibliExperience\blibliweb\src\views\SearchPage.vue
FN:68,(anonymous_1)
FN:77,(anonymous_2)
FN:80,(anonymous_3)
FN:84,(anonymous_4)
FN:90,(anonymous_5)
FN:94,(anonymous_6)
FN:100,(anonymous_7)
FNF:7
FNH:0
FNDA:0,(anonymous_1)
FNDA:0,(anonymous_2)
FNDA:0,(anonymous_3)
FNDA:0,(anonymous_4)
FNDA:0,(anonymous_5)
FNDA:0,(anonymous_6)
FNDA:0,(anonymous_7)
DA:59,0
DA:60,0
DA:61,0
DA:69,0
DA:78,0
DA:79,0
DA:80,0
DA:82,0
DA:83,0
DA:84,0
DA:85,0
DA:91,0
DA:92,0
DA:95,0
DA:96,0
DA:101,0
DA:102,0
LF:17
LH:0
BRDA:79,0,0,0
BRDA:79,0,1,0
BRF:2
BRH:0
end_of_record
TN:
SF:D:\blibli\blibliExperience\blibliweb\src\views\Signup.vue
FN:1,(anonymous_0)
FN:115,(anonymous_1)
FN:140,(anonymous_2)
FN:145,(anonymous_3)
FN:156,(anonymous_4)
FN:164,(anonymous_5)
FN:169,(anonymous_6)
FN:181,(anonymous_7)
FN:193,(anonymous_8)
FN:209,(anonymous_9)
FN:218,(anonymous_10)
FN:231,(anonymous_11)
FN:244,(anonymous_12)
FN:255,(anonymous_13)
FN:265,(anonymous_14)
FN:270,(anonymous_15)
FN:282,(anonymous_16)
FN:283,(anonymous_17)
FN:290,(anonymous_18)
FN:292,(anonymous_19)
FN:300,render
FN:300,(anonymous_21)
FN:300,(anonymous_22)
FN:300,(anonymous_23)
FN:300,(anonymous_24)
FN:300,(anonymous_25)
FN:300,(anonymous_26)
FN:300,(anonymous_27)
FN:300,(anonymous_28)
FNF:29
FNH:15
FNDA:1,(anonymous_0)
FNDA:4,(anonymous_1)
FNDA:4,(anonymous_2)
FNDA:3,(anonymous_3)
FNDA:3,(anonymous_4)
FNDA:3,(anonymous_5)
FNDA:2,(anonymous_6)
FNDA:0,(anonymous_7)
FNDA:1,(anonymous_8)
FNDA:0,(anonymous_9)
FNDA:0,(anonymous_10)
FNDA:0,(anonymous_11)
FNDA:0,(anonymous_12)
FNDA:2,(anonymous_13)
FNDA:0,(anonymous_14)
FNDA:1,(anonymous_15)
FNDA:1,(anonymous_16)
FNDA:1,(anonymous_17)
FNDA:0,(anonymous_18)
FNDA:0,(anonymous_19)
FNDA:8,render
FNDA:0,(anonymous_21)
FNDA:0,(anonymous_22)
FNDA:1,(anonymous_23)
FNDA:0,(anonymous_24)
FNDA:0,(anonymous_25)
FNDA:1,(anonymous_26)
FNDA:0,(anonymous_27)
FNDA:0,(anonymous_28)
DA:1,1
DA:4,1
DA:6,1
DA:9,1
DA:11,1
DA:13,1
DA:15,1
DA:17,1
DA:108,1
DA:116,4
DA:141,4
DA:148,3
DA:150,3
DA:152,3
DA:157,3
DA:159,3
DA:160,3
DA:162,0
DA:165,3
DA:170,2
DA:171,2
DA:172,2
DA:174,2
DA:175,0
DA:177,0
DA:182,0
DA:183,0
DA:184,0
DA:186,0
DA:187,0
DA:190,0
DA:195,1
DA:198,1
DA:199,1
DA:200,1
DA:202,1
DA:203,1
DA:204,1
DA:205,1
DA:210,0
DA:211,0
DA:212,0
DA:215,0
DA:219,0
DA:220,0
DA:221,0
DA:223,0
DA:224,0
DA:227,0
DA:228,0
DA:232,0
DA:233,0
DA:234,0
DA:236,0
DA:237,0
DA:240,0
DA:241,0
DA:245,0
DA:246,0
DA:247,0
DA:248,0
DA:250,0
DA:251,0
DA:256,2
DA:257,1
DA:258,1
DA:260,1
DA:261,1
DA:266,0
DA:267,0
DA:271,1
DA:272,1
DA:277,1
DA:282,1
DA:283,1
DA:284,1
DA:287,1
DA:290,1
DA:297,1
DA:299,1
DA:300,8
DA:301,1
LF:82
LH:47
BRDA:159,0,0,3
BRDA:159,0,1,0
BRDA:170,1,0,1
BRDA:170,1,1,1
BRDA:171,2,0,1
BRDA:171,2,1,1
BRDA:174,3,0,0
BRDA:174,3,1,0
BRDA:182,4,0,0
BRDA:182,4,1,0
BRDA:182,5,0,0
BRDA:182,5,1,0
BRDA:202,6,0,1
BRDA:202,6,1,0
BRDA:210,7,0,0
BRDA:210,7,1,0
BRDA:219,8,0,0
BRDA:219,8,1,0
BRDA:219,9,0,0
BRDA:219,9,1,0
BRDA:232,10,0,0
BRDA:232,10,1,0
BRDA:232,11,0,0
BRDA:232,11,1,0
BRDA:245,12,0,0
BRDA:245,12,1,0
BRDA:245,13,0,0
BRDA:245,13,1,0
BRDA:245,13,2,0
BRDA:256,14,0,1
BRDA:256,14,1,1
BRDA:256,15,0,2
BRDA:256,15,1,1
BRDA:256,15,2,2
BRDA:256,15,3,0
BRDA:256,15,4,2
BRDA:256,15,5,1
BRDA:256,15,6,2
BRDA:256,15,7,1
BRDA:256,15,8,2
BRDA:256,15,9,1
BRDA:256,15,10,1
BRDA:266,16,0,0
BRDA:266,16,1,0
BRDA:299,17,0,1
BRDA:299,17,1,0
BRDA:299,18,0,0
BRDA:299,18,1,1
BRDA:300,19,0,8
BRDA:300,19,1,0
BRDA:300,20,0,0
BRDA:300,20,1,0
BRDA:300,21,0,0
BRDA:300,21,1,0
BRDA:300,22,0,0
BRDA:300,22,1,0
BRDA:300,23,0,0
BRDA:300,23,1,0
BRF:58
BRH:21
end_of_record
TN:
SF:D:\blibli\blibliExperience\blibliweb\src\views\Sukses.vue
FNF:0
FNH:0
DA:16,0
DA:17,0
LF:2
LH:0
BRF:0
BRH:0
end_of_record
TN:
SF:D:\blibli\blibliExperience\blibliweb\src\views\admin\Admin.vue
FN:60,(anonymous_1)
FN:66,(anonymous_2)
FN:70,(anonymous_3)
FN:77,(anonymous_4)
FNF:4
FNH:0
FNDA:0,(anonymous_1)
FNDA:0,(anonymous_2)
FNDA:0,(anonymous_3)
FNDA:0,(anonymous_4)
DA:52,0
DA:53,0
DA:54,0
DA:61,0
DA:67,0
DA:71,0
DA:74,0
DA:75,0
DA:76,0
DA:84,0
LF:10
LH:0
BRF:0
BRH:0
end_of_record
TN:
SF:D:\blibli\blibliExperience\blibliweb\src\views\admin\DetailBarang.vue
FN:40,(anonymous_1)
FN:54,(anonymous_2)
FN:59,(anonymous_3)
FN:65,(anonymous_4)
FN:75,(anonymous_5)
FN:78,(anonymous_6)
FNF:6
FNH:0
FNDA:0,(anonymous_1)
FNDA:0,(anonymous_2)
FNDA:0,(anonymous_3)
FNDA:0,(anonymous_4)
FNDA:0,(anonymous_5)
FNDA:0,(anonymous_6)
DA:30,0
DA:31,0
DA:32,0
DA:33,0
DA:41,0
DA:55,0
DA:56,0
DA:62,0
DA:63,0
DA:64,0
DA:72,0
DA:76,0
DA:77,0
DA:85,0
LF:14
LH:0
BRF:0
BRH:0
end_of_record
TN:
SF:D:\blibli\blibliExperience\blibliweb\src\views\admin\EditBarang.vue
FN:82,(anonymous_1)
FN:99,(anonymous_2)
FN:105,(anonymous_3)
FN:112,(anonymous_4)
FN:123,(anonymous_5)
FN:126,(anonymous_6)
FN:127,(anonymous_7)
FN:129,(anonymous_8)
FN:136,(anonymous_9)
FN:139,(anonymous_10)
FN:156,(anonymous_11)
FN:173,(anonymous_12)
FN:187,(anonymous_13)
FN:195,(anonymous_14)
FNF:14
FNH:0
FNDA:0,(anonymous_1)
FNDA:0,(anonymous_2)
FNDA:0,(anonymous_3)
FNDA:0,(anonymous_4)
FNDA:0,(anonymous_5)
FNDA:0,(anonymous_6)
FNDA:0,(anonymous_7)
FNDA:0,(anonymous_8)
FNDA:0,(anonymous_9)
FNDA:0,(anonymous_10)
FNDA:0,(anonymous_11)
FNDA:0,(anonymous_12)
FNDA:0,(anonymous_13)
FNDA:0,(anonymous_14)
DA:72,0
DA:73,0
DA:74,0
DA:75,0
DA:83,0
DA:100,0
DA:101,0
DA:102,0
DA:106,0
DA:109,0
DA:110,0
DA:111,0
DA:119,0
DA:124,0
DA:127,0
DA:129,0
DA:130,0
DA:137,0
DA:138,0
DA:146,0
DA:147,0
DA:148,0
DA:149,0
DA:150,0
DA:151,0
DA:152,0
DA:153,0
DA:157,0
DA:166,0
DA:167,0
DA:169,0
DA:170,0
DA:174,0
DA:184,0
DA:185,0
DA:186,0
DA:194,0
DA:197,0
LF:38
LH:0
BRDA:157,0,0,0
BRDA:157,0,1,0
BRDA:157,1,0,0
BRDA:157,1,1,0
BRDA:157,1,2,0
BRDA:157,1,3,0
BRDA:157,1,4,0
BRDA:157,1,5,0
BRDA:157,1,6,0
BRF:9
BRH:0
end_of_record
TN:
SF:D:\blibli\blibliExperience\blibliweb\src\views\admin\KonfirmasiBarter.vue
FN:146,(anonymous_1)
FN:173,(anonymous_2)
FN:178,(anonymous_3)
FN:184,(anonymous_4)
FN:190,(anonymous_5)
FN:203,(anonymous_6)
FN:209,(anonymous_7)
FN:214,(anonymous_8)
FN:225,(anonymous_9)
FN:229,(anonymous_10)
FN:233,(anonymous_11)
FN:241,(anonymous_12)
FN:251,(anonymous_13)
FN:260,(anonymous_14)
FN:270,(anonymous_15)
FN:279,(anonymous_16)
FNF:16
FNH:0
FNDA:0,(anonymous_1)
FNDA:0,(anonymous_2)
FNDA:0,(anonymous_3)
FNDA:0,(anonymous_4)
FNDA:0,(anonymous_5)
FNDA:0,(anonymous_6)
FNDA:0,(anonymous_7)
FNDA:0,(anonymous_8)
FNDA:0,(anonymous_9)
FNDA:0,(anonymous_10)
FNDA:0,(anonymous_11)
FNDA:0,(anonymous_12)
FNDA:0,(anonymous_13)
FNDA:0,(anonymous_14)
FNDA:0,(anonymous_15)
FNDA:0,(anonymous_16)
DA:136,0
DA:137,0
DA:138,0
DA:139,0
DA:147,0
DA:174,0
DA:175,0
DA:179,0
DA:180,0
DA:187,0
DA:188,0
DA:189,0
DA:197,0
DA:198,0
DA:200,0
DA:201,0
DA:202,0
DA:205,0
DA:206,0
DA:212,0
DA:213,0
DA:221,0
DA:222,0
DA:226,0
DA:227,0
DA:230,0
DA:231,0
DA:234,0
DA:239,0
DA:240,0
DA:248,0
DA:252,0
DA:258,0
DA:259,0
DA:267,0
DA:271,0
DA:277,0
DA:278,0
DA:286,0
LF:39
LH:0
BRDA:197,0,0,0
BRDA:197,0,1,0
BRF:2
BRH:0
end_of_record
TN:
SF:D:\blibli\blibliExperience\blibliweb\src\views\admin\ListBarang.vue
FN:52,(anonymous_1)
FN:58,(anonymous_2)
FN:63,(anonymous_3)
FN:70,(anonymous_4)
FN:80,(anonymous_5)
FN:85,(anonymous_6)
FN:96,(anonymous_7)
FN:102,(anonymous_8)
FN:105,(anonymous_9)
FNF:9
FNH:0
FNDA:0,(anonymous_1)
FNDA:0,(anonymous_2)
FNDA:0,(anonymous_3)
FNDA:0,(anonymous_4)
FNDA:0,(anonymous_5)
FNDA:0,(anonymous_6)
FNDA:0,(anonymous_7)
FNDA:0,(anonymous_8)
FNDA:0,(anonymous_9)
DA:42,0
DA:43,0
DA:44,0
DA:45,0
DA:53,0
DA:59,0
DA:60,0
DA:64,0
DA:67,0
DA:68,0
DA:69,0
DA:77,0
DA:81,0
DA:82,0
DA:83,0
DA:84,0
DA:92,0
DA:93,0
DA:97,0
DA:98,0
DA:100,0
DA:103,0
DA:104,0
DA:112,0
LF:24
LH:0
BRDA:97,0,0,0
BRDA:97,0,1,0
BRF:2
BRH:0
end_of_record
TN:
SF:D:\blibli\blibliExperience\blibliweb\src\views\admin\ListKonfirmasiBarter.vue
FN:75,(anonymous_1)
FN:88,(anonymous_2)
FN:93,(anonymous_3)
FN:99,(anonymous_4)
FN:109,(anonymous_5)
FN:115,(anonymous_6)
FN:123,(anonymous_7)
FN:127,(anonymous_8)
FN:137,(anonymous_9)
FN:141,(anonymous_10)
FNF:10
FNH:0
FNDA:0,(anonymous_1)
FNDA:0,(anonymous_2)
FNDA:0,(anonymous_3)
FNDA:0,(anonymous_4)
FNDA:0,(anonymous_5)
FNDA:0,(anonymous_6)
FNDA:0,(anonymous_7)
FNDA:0,(anonymous_8)
FNDA:0,(anonymous_9)
FNDA:0,(anonymous_10)
DA:65,0
DA:66,0
DA:67,0
DA:68,0
DA:76,0
DA:89,0
DA:90,0
DA:96,0
DA:97,0
DA:98,0
DA:106,0
DA:107,0
DA:111,0
DA:112,0
DA:116,0
DA:117,0
DA:118,0
DA:120,0
DA:121,0
DA:124,0
DA:125,0
DA:126,0
DA:134,0
DA:138,0
DA:139,0
DA:142,0
DA:143,0
DA:145,0
LF:28
LH:0
BRDA:106,0,0,0
BRDA:106,0,1,0
BRDA:118,1,0,0
BRDA:118,1,1,0
BRDA:142,2,0,0
BRDA:142,2,1,0
BRF:6
BRH:0
end_of_record
TN:
SF:D:\blibli\blibliExperience\blibliweb\src\views\admin\Login.vue
FN:96,(anonymous_1)
FN:109,(anonymous_2)
FN:113,(anonymous_3)
FN:120,(anonymous_4)
FN:129,(anonymous_5)
FN:134,(anonymous_6)
FN:143,(anonymous_7)
FN:150,(anonymous_8)
FN:159,(anonymous_9)
FN:166,(anonymous_10)
FN:171,(anonymous_11)
FN:178,(anonymous_12)
FN:184,(anonymous_13)
FNF:13
FNH:0
FNDA:0,(anonymous_1)
FNDA:0,(anonymous_2)
FNDA:0,(anonymous_3)
FNDA:0,(anonymous_4)
FNDA:0,(anonymous_5)
FNDA:0,(anonymous_6)
FNDA:0,(anonymous_7)
FNDA:0,(anonymous_8)
FNDA:0,(anonymous_9)
FNDA:0,(anonymous_10)
FNDA:0,(anonymous_11)
FNDA:0,(anonymous_12)
FNDA:0,(anonymous_13)
DA:88,0
DA:89,0
DA:90,0
DA:97,0
DA:110,0
DA:114,0
DA:117,0
DA:118,0
DA:119,0
DA:127,0
DA:128,0
DA:131,0
DA:135,0
DA:136,0
DA:137,0
DA:138,0
DA:140,0
DA:145,0
DA:147,0
DA:148,0
DA:151,0
DA:152,0
DA:153,0
DA:154,0
DA:155,0
DA:159,0
DA:161,0
DA:162,0
DA:163,0
DA:164,0
DA:165,0
DA:166,0
DA:168,0
DA:170,0
DA:173,0
DA:174,0
DA:179,0
DA:180,0
DA:181,0
DA:185,0
DA:186,0
DA:187,0
DA:188,0
LF:43
LH:0
BRDA:137,0,0,0
BRDA:137,0,1,0
BRDA:153,1,0,0
BRDA:153,1,1,0
BRDA:153,2,0,0
BRDA:153,2,1,0
BRDA:162,3,0,0
BRDA:162,3,1,0
BRDA:179,4,0,0
BRDA:179,4,1,0
BRDA:179,5,0,0
BRDA:179,5,1,0
BRDA:185,6,0,0
BRDA:185,6,1,0
BRDA:185,7,0,0
BRDA:185,7,1,0
BRF:16
BRH:0
end_of_record
TN:
SF:D:\blibli\blibliExperience\blibliweb\src\views\admin\TambahBarang.vue
FN:86,(anonymous_1)
FN:105,(anonymous_2)
FN:110,(anonymous_3)
FN:117,(anonymous_4)
FN:128,(anonymous_5)
FN:131,(anonymous_6)
FN:132,(anonymous_7)
FN:134,(anonymous_8)
FN:141,(anonymous_9)
FN:159,(anonymous_10)
FN:171,(anonymous_11)
FN:176,(anonymous_12)
FN:186,(anonymous_13)
FN:197,(anonymous_14)
FNF:14
FNH:0
FNDA:0,(anonymous_1)
FNDA:0,(anonymous_2)
FNDA:0,(anonymous_3)
FNDA:0,(anonymous_4)
FNDA:0,(anonymous_5)
FNDA:0,(anonymous_6)
FNDA:0,(anonymous_7)
FNDA:0,(anonymous_8)
FNDA:0,(anonymous_9)
FNDA:0,(anonymous_10)
FNDA:0,(anonymous_11)
FNDA:0,(anonymous_12)
FNDA:0,(anonymous_13)
FNDA:0,(anonymous_14)
DA:76,0
DA:77,0
DA:78,0
DA:79,0
DA:87,0
DA:106,0
DA:107,0
DA:111,0
DA:114,0
DA:115,0
DA:116,0
DA:124,0
DA:129,0
DA:132,0
DA:134,0
DA:135,0
DA:142,0
DA:152,0
DA:153,0
DA:155,0
DA:156,0
DA:161,0
DA:170,0
DA:171,0
DA:172,0
DA:174,0
DA:175,0
DA:176,0
DA:183,0
DA:188,0
DA:192,0
DA:193,0
DA:195,0
DA:198,0
DA:199,0
LF:35
LH:0
BRDA:142,0,0,0
BRDA:142,0,1,0
BRDA:142,1,0,0
BRDA:142,1,1,0
BRDA:142,1,2,0
BRDA:142,1,3,0
BRDA:142,1,4,0
BRDA:142,1,5,0
BRDA:142,1,6,0
BRDA:142,1,7,0
BRDA:188,2,0,0
BRDA:188,2,1,0
BRDA:188,3,0,0
BRDA:188,3,1,0
BRF:14
BRH:0
end_of_record
TN:
SF:D:\blibli\blibliExperience\blibliweb\src\views\barter\Barter.vue
FN:76,(anonymous_1)
FN:89,(anonymous_2)
FN:94,(anonymous_3)
FN:101,(anonymous_4)
FN:110,(anonymous_5)
FN:115,(anonymous_6)
FN:116,(anonymous_7)
FN:121,(anonymous_8)
FN:130,(anonymous_9)
FN:138,(anonymous_10)
FN:143,(anonymous_11)
FN:149,(anonymous_12)
FNF:12
FNH:0
FNDA:0,(anonymous_1)
FNDA:0,(anonymous_2)
FNDA:0,(anonymous_3)
FNDA:0,(anonymous_4)
FNDA:0,(anonymous_5)
FNDA:0,(anonymous_6)
FNDA:0,(anonymous_7)
FNDA:0,(anonymous_8)
FNDA:0,(anonymous_9)
FNDA:0,(anonymous_10)
FNDA:0,(anonymous_11)
FNDA:0,(anonymous_12)
DA:66,0
DA:67,0
DA:68,0
DA:69,0
DA:77,0
DA:90,0
DA:91,0
DA:95,0
DA:96,0
DA:97,0
DA:98,0
DA:99,0
DA:100,0
DA:108,0
DA:109,0
DA:112,0
DA:116,0
DA:118,0
DA:122,0
DA:123,0
DA:124,0
DA:125,0
DA:126,0
DA:127,0
DA:128,0
DA:129,0
DA:137,0
DA:140,0
DA:144,0
DA:145,0
DA:150,0
DA:151,0
DA:152,0
DA:154,0
LF:34
LH:0
BRDA:151,0,0,0
BRDA:151,0,1,0
BRF:2
BRH:0
end_of_record
TN:
SF:D:\blibli\blibliExperience\blibliweb\src\views\barter\Berhasil.vue
FNF:0
FNH:0
DA:16,0
DA:17,0
LF:2
LH:0
BRF:0
BRH:0
end_of_record
TN:
SF:D:\blibli\blibliExperience\blibliweb\src\views\barter\DetailBarter.vue
FN:129,(anonymous_1)
FN:140,(anonymous_2)
FN:144,(anonymous_3)
FN:145,(anonymous_4)
FN:150,(anonymous_5)
FN:154,(anonymous_6)
FN:161,(anonymous_7)
FN:171,(anonymous_8)
FN:173,(anonymous_9)
FN:176,(anonymous_10)
FN:179,(anonymous_11)
FN:182,(anonymous_12)
FN:186,(anonymous_13)
FN:189,(anonymous_14)
FNF:14
FNH:0
FNDA:0,(anonymous_1)
FNDA:0,(anonymous_2)
FNDA:0,(anonymous_3)
FNDA:0,(anonymous_4)
FNDA:0,(anonymous_5)
FNDA:0,(anonymous_6)
FNDA:0,(anonymous_7)
FNDA:0,(anonymous_8)
FNDA:0,(anonymous_9)
FNDA:0,(anonymous_10)
FNDA:0,(anonymous_11)
FNDA:0,(anonymous_12)
FNDA:0,(anonymous_13)
FNDA:0,(anonymous_14)
DA:119,0
DA:120,0
DA:121,0
DA:122,0
DA:130,0
DA:141,0
DA:145,0
DA:147,0
DA:151,0
DA:152,0
DA:153,0
DA:161,0
DA:162,0
DA:163,0
DA:166,0
DA:167,0
DA:168,0
DA:170,0
DA:171,0
DA:175,0
DA:176,0
DA:180,0
DA:183,0
DA:184,0
DA:187,0
DA:190,0
LF:26
LH:0
BRDA:162,0,0,0
BRDA:162,0,1,0
BRDA:166,1,0,0
BRDA:166,1,1,0
BRF:4
BRH:0
end_of_record
TN:
SF:D:\blibli\blibliExperience\blibliweb\src\views\barter\DetailPengajuanBarter.vue
FN:254,(anonymous_1)
FN:273,(anonymous_2)
FN:280,(anonymous_3)
FN:286,(anonymous_4)
FN:296,(anonymous_5)
FN:299,(anonymous_6)
FN:307,(anonymous_7)
FN:312,(anonymous_8)
FN:316,(anonymous_9)
FN:326,(anonymous_10)
FN:331,(anonymous_11)
FN:335,(anonymous_12)
FN:343,(anonymous_13)
FN:349,(anonymous_14)
FN:354,(anonymous_15)
FN:358,(anonymous_16)
FN:362,(anonymous_17)
FN:365,(anonymous_18)
FN:368,(anonymous_19)
FN:371,(anonymous_20)
FN:381,(anonymous_21)
FN:393,(anonymous_22)
FN:401,(anonymous_23)
FNF:23
FNH:0
FNDA:0,(anonymous_1)
FNDA:0,(anonymous_2)
FNDA:0,(anonymous_3)
FNDA:0,(anonymous_4)
FNDA:0,(anonymous_5)
FNDA:0,(anonymous_6)
FNDA:0,(anonymous_7)
FNDA:0,(anonymous_8)
FNDA:0,(anonymous_9)
FNDA:0,(anonymous_10)
FNDA:0,(anonymous_11)
FNDA:0,(anonymous_12)
FNDA:0,(anonymous_13)
FNDA:0,(anonymous_14)
FNDA:0,(anonymous_15)
FNDA:0,(anonymous_16)
FNDA:0,(anonymous_17)
FNDA:0,(anonymous_18)
FNDA:0,(anonymous_19)
FNDA:0,(anonymous_20)
FNDA:0,(anonymous_21)
FNDA:0,(anonymous_22)
FNDA:0,(anonymous_23)
DA:244,0
DA:245,0
DA:246,0
DA:247,0
DA:255,0
DA:274,0
DA:275,0
DA:276,0
DA:277,0
DA:283,0
DA:284,0
DA:285,0
DA:293,0
DA:297,0
DA:298,0
DA:306,0
DA:309,0
DA:314,0
DA:315,0
DA:323,0
DA:324,0
DA:325,0
DA:328,0
DA:332,0
DA:333,0
DA:334,0
DA:342,0
DA:343,0
DA:344,0
DA:345,0
DA:346,0
DA:351,0
DA:355,0
DA:356,0
DA:359,0
DA:360,0
DA:363,0
DA:366,0
DA:369,0
DA:372,0
DA:378,0
DA:379,0
DA:380,0
DA:388,0
DA:389,0
DA:394,0
DA:399,0
DA:400,0
DA:408,0
LF:49
LH:0
BRDA:344,0,0,0
BRDA:344,0,1,0
BRDA:378,1,0,0
BRDA:378,1,1,0
BRF:4
BRH:0
end_of_record
TN:
SF:D:\blibli\blibliExperience\blibliweb\src\views\barter\DetailSubmission.vue
FN:101,(anonymous_1)
FN:112,(anonymous_2)
FN:117,(anonymous_3)
FN:123,(anonymous_4)
FN:133,(anonymous_5)
FN:137,(anonymous_6)
FN:145,(anonymous_7)
FN:150,(anonymous_8)
FN:156,(anonymous_9)
FN:167,(anonymous_10)
FN:171,(anonymous_11)
FNF:11
FNH:0
FNDA:0,(anonymous_1)
FNDA:0,(anonymous_2)
FNDA:0,(anonymous_3)
FNDA:0,(anonymous_4)
FNDA:0,(anonymous_5)
FNDA:0,(anonymous_6)
FNDA:0,(anonymous_7)
FNDA:0,(anonymous_8)
FNDA:0,(anonymous_9)
FNDA:0,(anonymous_10)
FNDA:0,(anonymous_11)
DA:91,0
DA:92,0
DA:93,0
DA:94,0
DA:102,0
DA:113,0
DA:114,0
DA:120,0
DA:121,0
DA:122,0
DA:130,0
DA:135,0
DA:136,0
DA:144,0
DA:147,0
DA:151,0
DA:154,0
DA:155,0
DA:163,0
DA:164,0
DA:168,0
DA:169,0
DA:172,0
LF:23
LH:0
BRF:0
BRH:0
end_of_record
TN:
SF:D:\blibli\blibliExperience\blibliweb\src\views\barter\KonfirmasiPengajuanBarter.vue
FNF:0
FNH:0
DA:71,0
LF:1
LH:0
BRF:0
BRH:0
end_of_record
TN:
SF:D:\blibli\blibliExperience\blibliweb\src\views\barter\PengajuanBarter.vue
FN:91,(anonymous_1)
FN:111,(anonymous_2)
FN:116,(anonymous_3)
FN:122,(anonymous_4)
FN:132,(anonymous_5)
FN:133,(anonymous_6)
FN:138,(anonymous_7)
FN:156,(anonymous_8)
FN:173,(anonymous_9)
FN:180,(anonymous_10)
FN:186,(anonymous_11)
FN:190,(anonymous_12)
FN:200,(anonymous_13)
FNF:13
FNH:0
FNDA:0,(anonymous_1)
FNDA:0,(anonymous_2)
FNDA:0,(anonymous_3)
FNDA:0,(anonymous_4)
FNDA:0,(anonymous_5)
FNDA:0,(anonymous_6)
FNDA:0,(anonymous_7)
FNDA:0,(anonymous_8)
FNDA:0,(anonymous_9)
FNDA:0,(anonymous_10)
FNDA:0,(anonymous_11)
FNDA:0,(anonymous_12)
FNDA:0,(anonymous_13)
DA:81,0
DA:82,0
DA:83,0
DA:84,0
DA:92,0
DA:112,0
DA:113,0
DA:119,0
DA:120,0
DA:121,0
DA:129,0
DA:133,0
DA:135,0
DA:140,0
DA:141,0
DA:143,0
DA:155,0
DA:156,0
DA:157,0
DA:159,0
DA:161,0
DA:171,0
DA:172,0
DA:180,0
DA:183,0
DA:187,0
DA:188,0
DA:192,0
DA:196,0
DA:197,0
DA:201,0
DA:202,0
LF:32
LH:0
BRDA:161,0,0,0
BRDA:161,0,1,0
BRDA:161,1,0,0
BRDA:161,1,1,0
BRDA:161,1,2,0
BRDA:161,1,3,0
BRDA:161,1,4,0
BRDA:161,1,5,0
BRDA:161,1,6,0
BRDA:161,1,7,0
BRDA:192,2,0,0
BRDA:192,2,1,0
BRDA:192,3,0,0
BRDA:192,3,1,0
BRF:14
BRH:0
end_of_record
TN:
SF:D:\blibli\blibliExperience\blibliweb\src\views\barter\Sukses.vue
FNF:0
FNH:0
DA:16,0
DA:17,0
LF:2
LH:0
BRF:0
BRH:0
end_of_record
TN:
SF:D:\blibli\blibliExperience\blibliweb\src\views\caribarang\AjukanCariBarang.vue
FN:59,(anonymous_1)
FN:62,(anonymous_2)
FN:74,(anonymous_3)
FN:77,(anonymous_4)
FN:86,(anonymous_5)
FN:91,(anonymous_6)
FN:95,(anonymous_7)
FN:99,(anonymous_8)
FN:110,(anonymous_9)
FN:120,(anonymous_10)
FNF:10
FNH:0
FNDA:0,(anonymous_1)
FNDA:0,(anonymous_2)
FNDA:0,(anonymous_3)
FNDA:0,(anonymous_4)
FNDA:0,(anonymous_5)
FNDA:0,(anonymous_6)
FNDA:0,(anonymous_7)
FNDA:0,(anonymous_8)
FNDA:0,(anonymous_9)
FNDA:0,(anonymous_10)
DA:49,0
DA:50,0
DA:51,0
DA:52,0
DA:60,0
DA:63,0
DA:75,0
DA:76,0
DA:84,0
DA:85,0
DA:88,0
DA:92,0
DA:93,0
DA:96,0
DA:97,0
DA:100,0
DA:101,0
DA:103,0
DA:109,0
DA:117,0
DA:118,0
DA:119,0
DA:122,0
LF:23
LH:0
BRF:0
BRH:0
end_of_record
TN:
SF:D:\blibli\blibliExperience\blibliweb\src\views\caribarang\Berhasil.vue
FNF:0
FNH:0
DA:16,0
DA:17,0
LF:2
LH:0
BRF:0
BRH:0
end_of_record
TN:
SF:D:\blibli\blibliExperience\blibliweb\src\views\caribarang\CariBarang.vue
FN:84,(anonymous_1)
FN:101,(anonymous_2)
FN:106,(anonymous_3)
FN:107,(anonymous_4)
FN:112,(anonymous_5)
FN:118,(anonymous_6)
FN:127,(anonymous_7)
FN:133,(anonymous_8)
FN:140,(anonymous_9)
FN:149,(anonymous_10)
FN:155,(anonymous_11)
FN:159,(anonymous_12)
FN:163,(anonymous_13)
FN:167,(anonymous_14)
FN:173,(anonymous_15)
FNF:15
FNH:0
FNDA:0,(anonymous_1)
FNDA:0,(anonymous_2)
FNDA:0,(anonymous_3)
FNDA:0,(anonymous_4)
FNDA:0,(anonymous_5)
FNDA:0,(anonymous_6)
FNDA:0,(anonymous_7)
FNDA:0,(anonymous_8)
FNDA:0,(anonymous_9)
FNDA:0,(anonymous_10)
FNDA:0,(anonymous_11)
FNDA:0,(anonymous_12)
FNDA:0,(anonymous_13)
FNDA:0,(anonymous_14)
FNDA:0,(anonymous_15)
DA:74,0
DA:75,0
DA:76,0
DA:77,0
DA:85,0
DA:102,0
DA:103,0
DA:107,0
DA:109,0
DA:113,0
DA:114,0
DA:115,0
DA:116,0
DA:117,0
DA:125,0
DA:126,0
DA:129,0
DA:134,0
DA:135,0
DA:136,0
DA:137,0
DA:138,0
DA:139,0
DA:147,0
DA:148,0
DA:151,0
DA:156,0
DA:157,0
DA:160,0
DA:161,0
DA:164,0
DA:165,0
DA:168,0
DA:169,0
DA:174,0
DA:175,0
DA:176,0
DA:178,0
LF:38
LH:0
BRDA:175,0,0,0
BRDA:175,0,1,0
BRF:2
BRH:0
end_of_record
TN:
SF:D:\blibli\blibliExperience\blibliweb\src\views\caribarang\DetailCariBarang.vue
FN:183,(anonymous_1)
FN:186,(anonymous_2)
FN:211,(anonymous_3)
FN:216,(anonymous_4)
FN:224,(anonymous_5)
FN:229,(anonymous_6)
FN:233,(anonymous_7)
FN:236,(anonymous_8)
FN:240,(anonymous_9)
FN:244,(anonymous_10)
FN:251,(anonymous_11)
FN:263,(anonymous_12)
FN:270,(anonymous_13)
FN:273,(anonymous_14)
FN:278,(anonymous_15)
FN:283,(anonymous_16)
FN:286,(anonymous_17)
FN:289,(anonymous_18)
FN:293,(anonymous_19)
FN:297,(anonymous_20)
FNF:20
FNH:0
FNDA:0,(anonymous_1)
FNDA:0,(anonymous_2)
FNDA:0,(anonymous_3)
FNDA:0,(anonymous_4)
FNDA:0,(anonymous_5)
FNDA:0,(anonymous_6)
FNDA:0,(anonymous_7)
FNDA:0,(anonymous_8)
FNDA:0,(anonymous_9)
FNDA:0,(anonymous_10)
FNDA:0,(anonymous_11)
FNDA:0,(anonymous_12)
FNDA:0,(anonymous_13)
FNDA:0,(anonymous_14)
FNDA:0,(anonymous_15)
FNDA:0,(anonymous_16)
FNDA:0,(anonymous_17)
FNDA:0,(anonymous_18)
FNDA:0,(anonymous_19)
FNDA:0,(anonymous_20)
DA:173,0
DA:174,0
DA:175,0
DA:176,0
DA:184,0
DA:187,0
DA:214,0
DA:215,0
DA:223,0
DA:226,0
DA:230,0
DA:231,0
DA:234,0
DA:237,0
DA:238,0
DA:241,0
DA:242,0
DA:243,0
DA:251,0
DA:252,0
DA:253,0
DA:256,0
DA:257,0
DA:258,0
DA:260,0
DA:261,0
DA:266,0
DA:267,0
DA:271,0
DA:274,0
DA:275,0
DA:279,0
DA:280,0
DA:284,0
DA:287,0
DA:290,0
DA:291,0
DA:294,0
DA:295,0
DA:298,0
LF:40
LH:0
BRDA:252,0,0,0
BRDA:252,0,1,0
BRDA:256,1,0,0
BRDA:256,1,1,0
BRDA:274,2,0,0
BRDA:274,2,1,0
BRDA:279,3,0,0
BRDA:279,3,1,0
BRF:8
BRH:0
end_of_record
TN:
SF:D:\blibli\blibliExperience\blibliweb\src\views\caribarang\KonfirmasiPengajuanCariBarang.vue
FNF:0
FNH:0
DA:58,0
LF:1
LH:0
BRF:0
BRH:0
end_of_record
TN:
SF:D:\blibli\blibliExperience\blibliweb\src\views\merchant\DetailListBarang.vue
FN:120,(anonymous_1)
FN:131,(anonymous_2)
FN:136,(anonymous_3)
FN:144,(anonymous_4)
FN:152,(anonymous_5)
FN:157,(anonymous_6)
FN:159,(anonymous_7)
FN:161,(anonymous_8)
FN:166,(anonymous_9)
FN:171,(anonymous_10)
FN:175,(anonymous_11)
FN:177,(anonymous_12)
FN:179,(anonymous_13)
FN:182,(anonymous_14)
FNF:14
FNH:0
FNDA:0,(anonymous_1)
FNDA:0,(anonymous_2)
FNDA:0,(anonymous_3)
FNDA:0,(anonymous_4)
FNDA:0,(anonymous_5)
FNDA:0,(anonymous_6)
FNDA:0,(anonymous_7)
FNDA:0,(anonymous_8)
FNDA:0,(anonymous_9)
FNDA:0,(anonymous_10)
FNDA:0,(anonymous_11)
FNDA:0,(anonymous_12)
FNDA:0,(anonymous_13)
FNDA:0,(anonymous_14)
DA:110,0
DA:111,0
DA:112,0
DA:113,0
DA:121,0
DA:132,0
DA:133,0
DA:137,0
DA:140,0
DA:142,0
DA:143,0
DA:151,0
DA:154,0
DA:158,0
DA:159,0
DA:161,0
DA:162,0
DA:163,0
DA:168,0
DA:172,0
DA:173,0
DA:176,0
DA:177,0
DA:180,0
DA:183,0
DA:184,0
LF:26
LH:0
BRDA:162,0,0,0
BRDA:162,0,1,0
BRF:2
BRH:0
end_of_record
TN:
SF:D:\blibli\blibliExperience\blibliweb\src\views\merchant\DetailPesananMasuk.vue
FN:80,(anonymous_1)
FN:96,(anonymous_2)
FN:101,(anonymous_3)
FN:109,(anonymous_4)
FN:119,(anonymous_5)
FN:124,(anonymous_6)
FN:134,(anonymous_7)
FN:137,(anonymous_8)
FN:142,(anonymous_9)
FN:152,(anonymous_10)
FN:159,(anonymous_11)
FN:160,(anonymous_12)
FN:165,(anonymous_13)
FN:169,(anonymous_14)
FN:173,(anonymous_15)
FNF:15
FNH:0
FNDA:0,(anonymous_1)
FNDA:0,(anonymous_2)
FNDA:0,(anonymous_3)
FNDA:0,(anonymous_4)
FNDA:0,(anonymous_5)
FNDA:0,(anonymous_6)
FNDA:0,(anonymous_7)
FNDA:0,(anonymous_8)
FNDA:0,(anonymous_9)
FNDA:0,(anonymous_10)
FNDA:0,(anonymous_11)
FNDA:0,(anonymous_12)
FNDA:0,(anonymous_13)
FNDA:0,(anonymous_14)
FNDA:0,(anonymous_15)
DA:72,0
DA:73,0
DA:74,0
DA:81,0
DA:97,0
DA:98,0
DA:102,0
DA:105,0
DA:107,0
DA:108,0
DA:116,0
DA:122,0
DA:123,0
DA:131,0
DA:132,0
DA:133,0
DA:134,0
DA:135,0
DA:139,0
DA:143,0
DA:145,0
DA:150,0
DA:151,0
DA:159,0
DA:162,0
DA:166,0
DA:167,0
DA:170,0
DA:171,0
DA:174,0
DA:175,0
LF:31
LH:0
BRF:0
BRH:0
end_of_record
TN:
SF:D:\blibli\blibliExperience\blibliweb\src\views\merchant\DetailRiwayat.vue
FNF:0
FNH:0
DA:61,0
DA:62,0
LF:2
LH:0
BRF:0
BRH:0
end_of_record
TN:
SF:D:\blibli\blibliExperience\blibliweb\src\views\merchant\EditBarang.vue
FN:52,(anonymous_1)
FN:67,(anonymous_2)
FN:72,(anonymous_3)
FN:80,(anonymous_4)
FN:88,(anonymous_5)
FN:94,(anonymous_6)
FN:97,(anonymous_7)
FN:99,(anonymous_8)
FN:101,(anonymous_9)
FN:107,(anonymous_10)
FN:112,(anonymous_11)
FN:123,(anonymous_12)
FN:132,(anonymous_13)
FN:140,(anonymous_14)
FNF:14
FNH:0
FNDA:0,(anonymous_1)
FNDA:0,(anonymous_2)
FNDA:0,(anonymous_3)
FNDA:0,(anonymous_4)
FNDA:0,(anonymous_5)
FNDA:0,(anonymous_6)
FNDA:0,(anonymous_7)
FNDA:0,(anonymous_8)
FNDA:0,(anonymous_9)
FNDA:0,(anonymous_10)
FNDA:0,(anonymous_11)
FNDA:0,(anonymous_12)
FNDA:0,(anonymous_13)
FNDA:0,(anonymous_14)
DA:42,0
DA:43,0
DA:44,0
DA:45,0
DA:53,0
DA:68,0
DA:69,0
DA:73,0
DA:76,0
DA:78,0
DA:79,0
DA:87,0
DA:90,0
DA:95,0
DA:98,0
DA:99,0
DA:101,0
DA:102,0
DA:103,0
DA:106,0
DA:109,0
DA:113,0
DA:116,0
DA:117,0
DA:119,0
DA:120,0
DA:124,0
DA:125,0
DA:130,0
DA:131,0
DA:139,0
DA:140,0
LF:32
LH:0
BRDA:102,0,0,0
BRDA:102,0,1,0
BRDA:113,1,0,0
BRDA:113,1,1,0
BRF:4
BRH:0
end_of_record
TN:
SF:D:\blibli\blibliExperience\blibliweb\src\views\merchant\InformasiMarket.vue
FN:63,(anonymous_1)
FN:75,(anonymous_2)
FN:79,(anonymous_3)
FN:87,(anonymous_4)
FN:97,(anonymous_5)
FN:104,(anonymous_6)
FNF:6
FNH:0
FNDA:0,(anonymous_1)
FNDA:0,(anonymous_2)
FNDA:0,(anonymous_3)
FNDA:0,(anonymous_4)
FNDA:0,(anonymous_5)
FNDA:0,(anonymous_6)
DA:51,0
DA:52,0
DA:53,0
DA:54,0
DA:55,0
DA:64,0
DA:76,0
DA:80,0
DA:83,0
DA:85,0
DA:86,0
DA:94,0
DA:95,0
DA:96,0
DA:99,0
DA:105,0
DA:106,0
LF:17
LH:0
BRF:0
BRH:0
end_of_record
TN:
SF:D:\blibli\blibliExperience\blibliweb\src\views\merchant\JualBarang.vue
FN:58,(anonymous_1)
FN:74,(anonymous_2)
FN:78,(anonymous_3)
FN:86,(anonymous_4)
FN:94,(anonymous_5)
FN:99,(anonymous_6)
FN:100,(anonymous_7)
FN:104,(anonymous_8)
FN:110,(anonymous_9)
FN:113,(anonymous_10)
FN:126,(anonymous_11)
FN:130,(anonymous_12)
FN:147,(anonymous_13)
FN:163,(anonymous_14)
FNF:14
FNH:0
FNDA:0,(anonymous_1)
FNDA:0,(anonymous_2)
FNDA:0,(anonymous_3)
FNDA:0,(anonymous_4)
FNDA:0,(anonymous_5)
FNDA:0,(anonymous_6)
FNDA:0,(anonymous_7)
FNDA:0,(anonymous_8)
FNDA:0,(anonymous_9)
FNDA:0,(anonymous_10)
FNDA:0,(anonymous_11)
FNDA:0,(anonymous_12)
FNDA:0,(anonymous_13)
FNDA:0,(anonymous_14)
DA:44,0
DA:45,0
DA:46,0
DA:47,0
DA:48,0
DA:49,0
DA:59,0
DA:75,0
DA:79,0
DA:82,0
DA:84,0
DA:85,0
DA:93,0
DA:96,0
DA:100,0
DA:102,0
DA:103,0
DA:104,0
DA:105,0
DA:111,0
DA:114,0
DA:119,0
DA:120,0
DA:122,0
DA:123,0
DA:127,0
DA:128,0
DA:129,0
DA:130,0
DA:131,0
DA:132,0
DA:133,0
DA:135,0
DA:138,0
DA:145,0
DA:146,0
DA:147,0
DA:154,0
DA:155,0
DA:156,0
DA:157,0
DA:164,0
LF:42
LH:0
BRDA:114,0,0,0
BRDA:114,0,1,0
BRDA:114,1,0,0
BRDA:114,1,1,0
BRDA:114,1,2,0
BRDA:131,2,0,0
BRDA:131,2,1,0
BRDA:145,3,0,0
BRDA:145,3,1,0
BRF:9
BRH:0
end_of_record
TN:
SF:D:\blibli\blibliExperience\blibliweb\src\views\merchant\ListBarang.vue
FN:63,(anonymous_1)
FN:68,(anonymous_2)
FN:73,(anonymous_3)
FN:77,(anonymous_4)
FN:85,(anonymous_5)
FN:95,(anonymous_6)
FN:99,(anonymous_7)
FN:108,(anonymous_8)
FN:113,(anonymous_9)
FN:117,(anonymous_10)
FN:123,(anonymous_11)
FNF:11
FNH:0
FNDA:0,(anonymous_1)
FNDA:0,(anonymous_2)
FNDA:0,(anonymous_3)
FNDA:0,(anonymous_4)
FNDA:0,(anonymous_5)
FNDA:0,(anonymous_6)
FNDA:0,(anonymous_7)
FNDA:0,(anonymous_8)
FNDA:0,(anonymous_9)
FNDA:0,(anonymous_10)
FNDA:0,(anonymous_11)
DA:51,0
DA:52,0
DA:53,0
DA:54,0
DA:55,0
DA:64,0
DA:69,0
DA:70,0
DA:74,0
DA:75,0
DA:78,0
DA:81,0
DA:83,0
DA:84,0
DA:92,0
DA:96,0
DA:97,0
DA:98,0
DA:106,0
DA:107,0
DA:110,0
DA:114,0
DA:115,0
DA:118,0
DA:119,0
DA:121,0
LF:26
LH:0
BRDA:118,0,0,0
BRDA:118,0,1,0
BRF:2
BRH:0
end_of_record
TN:
SF:D:\blibli\blibliExperience\blibliweb\src\views\merchant\Login.vue
FN:96,(anonymous_1)
FN:109,(anonymous_2)
FN:113,(anonymous_3)
FN:120,(anonymous_4)
FN:133,(anonymous_5)
FN:142,(anonymous_6)
FN:149,(anonymous_7)
FN:158,(anonymous_8)
FN:165,(anonymous_9)
FN:172,(anonymous_10)
FN:178,(anonymous_11)
FNF:11
FNH:0
FNDA:0,(anonymous_1)
FNDA:0,(anonymous_2)
FNDA:0,(anonymous_3)
FNDA:0,(anonymous_4)
FNDA:0,(anonymous_5)
FNDA:0,(anonymous_6)
FNDA:0,(anonymous_7)
FNDA:0,(anonymous_8)
FNDA:0,(anonymous_9)
FNDA:0,(anonymous_10)
FNDA:0,(anonymous_11)
DA:88,0
DA:89,0
DA:90,0
DA:97,0
DA:110,0
DA:114,0
DA:117,0
DA:118,0
DA:119,0
DA:127,0
DA:128,0
DA:129,0
DA:131,0
DA:134,0
DA:135,0
DA:136,0
DA:137,0
DA:139,0
DA:144,0
DA:146,0
DA:147,0
DA:150,0
DA:151,0
DA:152,0
DA:153,0
DA:154,0
DA:158,0
DA:160,0
DA:161,0
DA:162,0
DA:163,0
DA:164,0
DA:165,0
DA:168,0
DA:169,0
DA:173,0
DA:174,0
DA:175,0
DA:179,0
DA:180,0
DA:181,0
DA:182,0
LF:42
LH:0
BRDA:136,0,0,0
BRDA:136,0,1,0
BRDA:152,1,0,0
BRDA:152,1,1,0
BRDA:152,2,0,0
BRDA:152,2,1,0
BRDA:160,3,0,0
BRDA:160,3,1,0
BRDA:173,4,0,0
BRDA:173,4,1,0
BRDA:173,5,0,0
BRDA:173,5,1,0
BRDA:179,6,0,0
BRDA:179,6,1,0
BRDA:179,7,0,0
BRDA:179,7,1,0
BRF:16
BRH:0
end_of_record
TN:
SF:D:\blibli\blibliExperience\blibliweb\src\views\merchant\MenuUtama.vue
FN:60,(anonymous_1)
FN:65,(anonymous_2)
FN:69,(anonymous_3)
FN:77,(anonymous_4)
FN:85,(anonymous_5)
FNF:5
FNH:0
FNDA:0,(anonymous_1)
FNDA:0,(anonymous_2)
FNDA:0,(anonymous_3)
FNDA:0,(anonymous_4)
FNDA:0,(anonymous_5)
DA:52,0
DA:53,0
DA:54,0
DA:61,0
DA:66,0
DA:70,0
DA:73,0
DA:75,0
DA:76,0
DA:84,0
DA:87,0
LF:11
LH:0
BRF:0
BRH:0
end_of_record
TN:
SF:D:\blibli\blibliExperience\blibliweb\src\views\merchant\Merchant.vue
FNF:0
FNH:0
DA:81,0
DA:82,0
LF:2
LH:0
BRF:0
BRH:0
end_of_record
TN:
SF:D:\blibli\blibliExperience\blibliweb\src\views\merchant\PemberitahuanPembelian.vue
FN:34,(anonymous_1)
FN:42,(anonymous_2)
FN:46,(anonymous_3)
FNF:3
FNH:0
FNDA:0,(anonymous_1)
FNDA:0,(anonymous_2)
FNDA:0,(anonymous_3)
DA:20,0
DA:21,0
DA:22,0
DA:23,0
DA:24,0
DA:35,0
DA:43,0
DA:44,0
DA:47,0
DA:48,0
LF:10
LH:0
BRF:0
BRH:0
end_of_record
TN:
SF:D:\blibli\blibliExperience\blibliweb\src\views\merchant\TransaksiBerhasil.vue
FNF:0
FNH:0
DA:16,0
DA:17,0
LF:2
LH:0
BRF:0
BRH:0
end_of_record
TN:
SF:D:\blibli\blibliExperience\blibliweb\src\views\merchant\UbahKataSandi.vue
FN:40,(anonymous_1)
FN:48,(anonymous_2)
FNF:2
FNH:0
FNDA:0,(anonymous_1)
FNDA:0,(anonymous_2)
DA:32,0
DA:33,0
DA:41,0
LF:3
LH:0
BRF:0
BRH:0
end_of_record
TN:
SF:D:\blibli\blibliExperience\blibliweb\src\views\user\Cart.vue
FN:115,(anonymous_1)
FN:130,(anonymous_2)
FN:135,(anonymous_3)
FN:143,(anonymous_4)
FN:155,(anonymous_5)
FN:159,(anonymous_6)
FN:167,(anonymous_7)
FN:174,(anonymous_8)
FN:179,(anonymous_9)
FN:184,(anonymous_10)
FN:191,(anonymous_11)
FN:210,(anonymous_12)
FN:214,(anonymous_13)
FN:217,(anonymous_14)
FN:244,(anonymous_15)
FN:250,(anonymous_16)
FN:254,(anonymous_17)
FN:264,(anonymous_18)
FN:277,(anonymous_19)
FN:287,(anonymous_20)
FN:300,(anonymous_21)
FN:303,(anonymous_22)
FN:310,(anonymous_23)
FN:317,(anonymous_24)
FN:328,(anonymous_25)
FNF:25
FNH:0
FNDA:0,(anonymous_1)
FNDA:0,(anonymous_2)
FNDA:0,(anonymous_3)
FNDA:0,(anonymous_4)
FNDA:0,(anonymous_5)
FNDA:0,(anonymous_6)
FNDA:0,(anonymous_7)
FNDA:0,(anonymous_8)
FNDA:0,(anonymous_9)
FNDA:0,(anonymous_10)
FNDA:0,(anonymous_11)
FNDA:0,(anonymous_12)
FNDA:0,(anonymous_13)
FNDA:0,(anonymous_14)
FNDA:0,(anonymous_15)
FNDA:0,(anonymous_16)
FNDA:0,(anonymous_17)
FNDA:0,(anonymous_18)
FNDA:0,(anonymous_19)
FNDA:0,(anonymous_20)
FNDA:0,(anonymous_21)
FNDA:0,(anonymous_22)
FNDA:0,(anonymous_23)
FNDA:0,(anonymous_24)
FNDA:0,(anonymous_25)
DA:104,0
DA:105,0
DA:106,0
DA:107,0
DA:116,0
DA:131,0
DA:132,0
DA:136,0
DA:137,0
DA:138,0
DA:139,0
DA:140,0
DA:141,0
DA:142,0
DA:150,0
DA:151,0
DA:153,0
DA:154,0
DA:155,0
DA:156,0
DA:158,0
DA:159,0
DA:160,0
DA:165,0
DA:169,0
DA:170,0
DA:172,0
DA:176,0
DA:180,0
DA:181,0
DA:185,0
DA:186,0
DA:187,0
DA:189,0
DA:192,0
DA:193,0
DA:194,0
DA:195,0
DA:196,0
DA:197,0
DA:199,0
DA:202,0
DA:203,0
DA:205,0
DA:206,0
DA:208,0
DA:211,0
DA:212,0
DA:215,0
DA:218,0
DA:219,0
DA:220,0
DA:222,0
DA:223,0
DA:224,0
DA:225,0
DA:226,0
DA:227,0
DA:230,0
DA:231,0
DA:233,0
DA:237,0
DA:238,0
DA:239,0
DA:240,0
DA:241,0
DA:242,0
DA:243,0
DA:244,0
DA:246,0
DA:247,0
DA:251,0
DA:252,0
DA:256,0
DA:257,0
DA:262,0
DA:263,0
DA:271,0
DA:273,0
DA:274,0
DA:279,0
DA:280,0
DA:285,0
DA:286,0
DA:294,0
DA:296,0
DA:297,0
DA:301,0
DA:302,0
DA:303,0
DA:304,0
DA:305,0
DA:306,0
DA:311,0
DA:315,0
DA:316,0
DA:324,0
DA:329,0
LF:98
LH:0
BRDA:150,0,0,0
BRDA:150,0,1,0
BRDA:169,1,0,0
BRDA:169,1,1,0
BRDA:196,2,0,0
BRDA:196,2,1,0
BRDA:202,3,0,0
BRDA:202,3,1,0
BRDA:205,4,0,0
BRDA:205,4,1,0
BRDA:224,5,0,0
BRDA:224,5,1,0
BRDA:225,6,0,0
BRDA:225,6,1,0
BRDA:230,7,0,0
BRDA:230,7,1,0
BRDA:237,8,0,0
BRDA:237,8,1,0
BRDA:240,9,0,0
BRDA:240,9,1,0
BRDA:256,10,0,0
BRDA:256,10,1,0
BRDA:279,11,0,0
BRDA:279,11,1,0
BRDA:304,12,0,0
BRDA:304,12,1,0
BRF:26
BRH:0
end_of_record
TN:
SF:D:\blibli\blibliExperience\blibliweb\src\views\user\ChangePassword.vue
FN:70,(anonymous_1)
FN:82,(anonymous_2)
FN:86,(anonymous_3)
FN:92,(anonymous_4)
FN:104,(anonymous_5)
FN:108,(anonymous_6)
FN:111,(anonymous_7)
FN:118,(anonymous_8)
FN:125,(anonymous_9)
FN:132,(anonymous_10)
FN:149,(anonymous_11)
FN:160,(anonymous_12)
FNF:12
FNH:0
FNDA:0,(anonymous_1)
FNDA:0,(anonymous_2)
FNDA:0,(anonymous_3)
FNDA:0,(anonymous_4)
FNDA:0,(anonymous_5)
FNDA:0,(anonymous_6)
FNDA:0,(anonymous_7)
FNDA:0,(anonymous_8)
FNDA:0,(anonymous_9)
FNDA:0,(anonymous_10)
FNDA:0,(anonymous_11)
FNDA:0,(anonymous_12)
DA:59,0
DA:60,0
DA:61,0
DA:62,0
DA:71,0
DA:83,0
DA:89,0
DA:90,0
DA:91,0
DA:99,0
DA:100,0
DA:102,0
DA:103,0
DA:105,0
DA:109,0
DA:112,0
DA:113,0
DA:115,0
DA:119,0
DA:120,0
DA:122,0
DA:126,0
DA:127,0
DA:129,0
DA:133,0
DA:134,0
DA:135,0
DA:136,0
DA:139,0
DA:140,0
DA:142,0
DA:148,0
DA:156,0
DA:157,0
DA:159,0
DA:161,0
LF:36
LH:0
BRDA:99,0,0,0
BRDA:99,0,1,0
BRDA:112,1,0,0
BRDA:112,1,1,0
BRDA:119,2,0,0
BRDA:119,2,1,0
BRDA:126,3,0,0
BRDA:126,3,1,0
BRDA:136,4,0,0
BRDA:136,4,1,0
BRDA:136,5,0,0
BRDA:136,5,1,0
BRDA:136,5,2,0
BRDA:156,6,0,0
BRDA:156,6,1,0
BRF:15
BRH:0
end_of_record
TN:
SF:D:\blibli\blibliExperience\blibliweb\src\views\user\DaftarPenawaran.vue
FN:35,(anonymous_1)
FN:41,(anonymous_2)
FN:45,(anonymous_3)
FN:49,(anonymous_4)
FN:53,(anonymous_5)
FN:59,(anonymous_6)
FNF:6
FNH:0
FNDA:0,(anonymous_1)
FNDA:0,(anonymous_2)
FNDA:0,(anonymous_3)
FNDA:0,(anonymous_4)
FNDA:0,(anonymous_5)
FNDA:0,(anonymous_6)
DA:23,0
DA:24,0
DA:25,0
DA:26,0
DA:27,0
DA:28,0
DA:36,0
DA:42,0
DA:46,0
DA:47,0
DA:50,0
DA:51,0
DA:56,0
DA:57,0
DA:58,0
DA:66,0
LF:16
LH:0
BRF:0
BRH:0
end_of_record
TN:
SF:D:\blibli\blibliExperience\blibliweb\src\views\user\DaftarPengajuan.vue
FN:37,(anonymous_1)
FN:43,(anonymous_2)
FN:47,(anonymous_3)
FN:51,(anonymous_4)
FN:55,(anonymous_5)
FN:61,(anonymous_6)
FNF:6
FNH:0
FNDA:0,(anonymous_1)
FNDA:0,(anonymous_2)
FNDA:0,(anonymous_3)
FNDA:0,(anonymous_4)
FNDA:0,(anonymous_5)
FNDA:0,(anonymous_6)
DA:25,0
DA:26,0
DA:27,0
DA:28,0
DA:29,0
DA:30,0
DA:38,0
DA:44,0
DA:48,0
DA:49,0
DA:52,0
DA:53,0
DA:58,0
DA:59,0
DA:60,0
DA:68,0
LF:16
LH:0
BRF:0
BRH:0
end_of_record
TN:
SF:D:\blibli\blibliExperience\blibliweb\src\views\user\DetailBarter.vue
FN:80,(anonymous_1)
FN:88,(anonymous_2)
FN:92,(anonymous_3)
FN:96,(anonymous_4)
FN:99,(anonymous_5)
FN:105,(anonymous_6)
FNF:6
FNH:0
FNDA:0,(anonymous_1)
FNDA:0,(anonymous_2)
FNDA:0,(anonymous_3)
FNDA:0,(anonymous_4)
FNDA:0,(anonymous_5)
FNDA:0,(anonymous_6)
DA:70,0
DA:71,0
DA:72,0
DA:73,0
DA:81,0
DA:89,0
DA:93,0
DA:94,0
DA:97,0
DA:102,0
DA:103,0
DA:104,0
DA:112,0
LF:13
LH:0
BRF:0
BRH:0
end_of_record
TN:
SF:D:\blibli\blibliExperience\blibliweb\src\views\user\DetailPenawaranBarang.vue
FN:139,(anonymous_1)
FN:151,(anonymous_2)
FN:156,(anonymous_3)
FN:160,(anonymous_4)
FN:163,(anonymous_5)
FN:169,(anonymous_6)
FN:179,(anonymous_7)
FN:182,(anonymous_8)
FN:191,(anonymous_9)
FN:197,(anonymous_10)
FN:217,(anonymous_11)
FN:226,(anonymous_12)
FN:235,(anonymous_13)
FN:243,(anonymous_14)
FN:247,(anonymous_15)
FNF:15
FNH:0
FNDA:0,(anonymous_1)
FNDA:0,(anonymous_2)
FNDA:0,(anonymous_3)
FNDA:0,(anonymous_4)
FNDA:0,(anonymous_5)
FNDA:0,(anonymous_6)
FNDA:0,(anonymous_7)
FNDA:0,(anonymous_8)
FNDA:0,(anonymous_9)
FNDA:0,(anonymous_10)
FNDA:0,(anonymous_11)
FNDA:0,(anonymous_12)
FNDA:0,(anonymous_13)
FNDA:0,(anonymous_14)
FNDA:0,(anonymous_15)
DA:129,0
DA:130,0
DA:131,0
DA:132,0
DA:140,0
DA:152,0
DA:153,0
DA:157,0
DA:158,0
DA:161,0
DA:166,0
DA:167,0
DA:168,0
DA:176,0
DA:180,0
DA:181,0
DA:189,0
DA:190,0
DA:193,0
DA:198,0
DA:199,0
DA:200,0
DA:203,0
DA:204,0
DA:207,0
DA:208,0
DA:211,0
DA:212,0
DA:215,0
DA:218,0
DA:219,0
DA:220,0
DA:224,0
DA:225,0
DA:233,0
DA:234,0
DA:237,0
DA:240,0
DA:244,0
DA:245,0
DA:248,0
LF:41
LH:0
BRDA:199,0,0,0
BRDA:199,0,1,0
BRDA:203,1,0,0
BRDA:203,1,1,0
BRDA:207,2,0,0
BRDA:207,2,1,0
BRDA:211,3,0,0
BRDA:211,3,1,0
BRDA:219,4,0,0
BRDA:219,4,1,0
BRF:10
BRH:0
end_of_record
TN:
SF:D:\blibli\blibliExperience\blibliweb\src\views\user\DetailPenawaranBarter.vue
FN:241,(anonymous_1)
FN:255,(anonymous_2)
FN:261,(anonymous_3)
FN:267,(anonymous_4)
FN:277,(anonymous_5)
FN:281,(anonymous_6)
FN:289,(anonymous_7)
FN:294,(anonymous_8)
FN:298,(anonymous_9)
FN:305,(anonymous_10)
FN:312,(anonymous_11)
FN:317,(anonymous_12)
FN:321,(anonymous_13)
FN:325,(anonymous_14)
FN:328,(anonymous_15)
FN:331,(anonymous_16)
FN:344,(anonymous_17)
FN:356,(anonymous_18)
FN:359,(anonymous_19)
FN:367,(anonymous_20)
FNF:20
FNH:0
FNDA:0,(anonymous_1)
FNDA:0,(anonymous_2)
FNDA:0,(anonymous_3)
FNDA:0,(anonymous_4)
FNDA:0,(anonymous_5)
FNDA:0,(anonymous_6)
FNDA:0,(anonymous_7)
FNDA:0,(anonymous_8)
FNDA:0,(anonymous_9)
FNDA:0,(anonymous_10)
FNDA:0,(anonymous_11)
FNDA:0,(anonymous_12)
FNDA:0,(anonymous_13)
FNDA:0,(anonymous_14)
FNDA:0,(anonymous_15)
FNDA:0,(anonymous_16)
FNDA:0,(anonymous_17)
FNDA:0,(anonymous_18)
FNDA:0,(anonymous_19)
FNDA:0,(anonymous_20)
DA:231,0
DA:232,0
DA:233,0
DA:234,0
DA:242,0
DA:256,0
DA:257,0
DA:258,0
DA:264,0
DA:265,0
DA:266,0
DA:274,0
DA:279,0
DA:280,0
DA:288,0
DA:291,0
DA:295,0
DA:296,0
DA:297,0
DA:305,0
DA:306,0
DA:307,0
DA:308,0
DA:309,0
DA:314,0
DA:318,0
DA:319,0
DA:322,0
DA:323,0
DA:326,0
DA:329,0
DA:332,0
DA:338,0
DA:342,0
DA:343,0
DA:351,0
DA:352,0
DA:357,0
DA:360,0
DA:365,0
DA:366,0
DA:374,0
LF:42
LH:0
BRDA:306,0,0,0
BRDA:306,0,1,0
BRDA:338,1,0,0
BRDA:338,1,1,0
BRDA:338,2,0,0
BRDA:338,2,1,0
BRDA:357,3,0,0
BRDA:357,3,1,0
BRF:8
BRH:0
end_of_record
TN:
SF:D:\blibli\blibliExperience\blibliweb\src\views\user\DetailPengajuanBarang.vue
FN:175,(anonymous_1)
FN:190,(anonymous_2)
FN:195,(anonymous_3)
FN:201,(anonymous_4)
FN:211,(anonymous_5)
FN:214,(anonymous_6)
FN:232,(anonymous_7)
FN:237,(anonymous_8)
FN:241,(anonymous_9)
FN:244,(anonymous_10)
FN:247,(anonymous_11)
FN:251,(anonymous_12)
FN:255,(anonymous_13)
FNF:13
FNH:0
FNDA:0,(anonymous_1)
FNDA:0,(anonymous_2)
FNDA:0,(anonymous_3)
FNDA:0,(anonymous_4)
FNDA:0,(anonymous_5)
FNDA:0,(anonymous_6)
FNDA:0,(anonymous_7)
FNDA:0,(anonymous_8)
FNDA:0,(anonymous_9)
FNDA:0,(anonymous_10)
FNDA:0,(anonymous_11)
FNDA:0,(anonymous_12)
FNDA:0,(anonymous_13)
DA:165,0
DA:166,0
DA:167,0
DA:168,0
DA:176,0
DA:191,0
DA:192,0
DA:198,0
DA:199,0
DA:200,0
DA:208,0
DA:212,0
DA:213,0
DA:221,0
DA:222,0
DA:223,0
DA:224,0
DA:225,0
DA:226,0
DA:228,0
DA:230,0
DA:238,0
DA:239,0
DA:242,0
DA:245,0
DA:248,0
DA:249,0
DA:252,0
DA:253,0
DA:256,0
DA:257,0
LF:31
LH:0
BRDA:225,0,0,0
BRDA:225,0,1,0
BRF:2
BRH:0
end_of_record
TN:
SF:D:\blibli\blibliExperience\blibliweb\src\views\user\DetailPengajuanBarter.vue
FN:132,(anonymous_1)
FN:140,(anonymous_2)
FN:144,(anonymous_3)
FN:148,(anonymous_4)
FN:151,(anonymous_5)
FN:157,(anonymous_6)
FNF:6
FNH:0
FNDA:0,(anonymous_1)
FNDA:0,(anonymous_2)
FNDA:0,(anonymous_3)
FNDA:0,(anonymous_4)
FNDA:0,(anonymous_5)
FNDA:0,(anonymous_6)
DA:122,0
DA:123,0
DA:124,0
DA:125,0
DA:133,0
DA:141,0
DA:145,0
DA:146,0
DA:149,0
DA:154,0
DA:155,0
DA:156,0
DA:164,0
LF:13
LH:0
BRF:0
BRH:0
end_of_record
TN:
SF:D:\blibli\blibliExperience\blibliweb\src\views\user\DetailPengajuanFinished.vue
FN:175,(anonymous_1)
FN:190,(anonymous_2)
FN:195,(anonymous_3)
FN:201,(anonymous_4)
FN:211,(anonymous_5)
FN:214,(anonymous_6)
FN:232,(anonymous_7)
FN:237,(anonymous_8)
FN:244,(anonymous_9)
FN:252,(anonymous_10)
FN:257,(anonymous_11)
FN:261,(anonymous_12)
FN:264,(anonymous_13)
FN:267,(anonymous_14)
FN:271,(anonymous_15)
FN:275,(anonymous_16)
FNF:16
FNH:0
FNDA:0,(anonymous_1)
FNDA:0,(anonymous_2)
FNDA:0,(anonymous_3)
FNDA:0,(anonymous_4)
FNDA:0,(anonymous_5)
FNDA:0,(anonymous_6)
FNDA:0,(anonymous_7)
FNDA:0,(anonymous_8)
FNDA:0,(anonymous_9)
FNDA:0,(anonymous_10)
FNDA:0,(anonymous_11)
FNDA:0,(anonymous_12)
FNDA:0,(anonymous_13)
FNDA:0,(anonymous_14)
FNDA:0,(anonymous_15)
FNDA:0,(anonymous_16)
DA:165,0
DA:166,0
DA:167,0
DA:168,0
DA:176,0
DA:191,0
DA:192,0
DA:198,0
DA:199,0
DA:200,0
DA:208,0
DA:212,0
DA:213,0
DA:221,0
DA:222,0
DA:223,0
DA:224,0
DA:225,0
DA:226,0
DA:228,0
DA:230,0
DA:238,0
DA:242,0
DA:243,0
DA:251,0
DA:254,0
DA:258,0
DA:259,0
DA:262,0
DA:265,0
DA:268,0
DA:269,0
DA:272,0
DA:273,0
DA:276,0
DA:277,0
LF:36
LH:0
BRDA:225,0,0,0
BRDA:225,0,1,0
BRF:2
BRH:0
end_of_record
TN:
SF:D:\blibli\blibliExperience\blibliweb\src\views\user\DetailPengajuanOrder.vue
FN:141,(anonymous_1)
FN:160,(anonymous_2)
FN:165,(anonymous_3)
FN:171,(anonymous_4)
FN:181,(anonymous_5)
FN:184,(anonymous_6)
FN:202,(anonymous_7)
FN:207,(anonymous_8)
FN:211,(anonymous_9)
FN:214,(anonymous_10)
FN:217,(anonymous_11)
FN:221,(anonymous_12)
FN:225,(anonymous_13)
FN:229,(anonymous_14)
FN:247,(anonymous_15)
FN:250,(anonymous_16)
FN:258,(anonymous_17)
FNF:17
FNH:0
FNDA:0,(anonymous_1)
FNDA:0,(anonymous_2)
FNDA:0,(anonymous_3)
FNDA:0,(anonymous_4)
FNDA:0,(anonymous_5)
FNDA:0,(anonymous_6)
FNDA:0,(anonymous_7)
FNDA:0,(anonymous_8)
FNDA:0,(anonymous_9)
FNDA:0,(anonymous_10)
FNDA:0,(anonymous_11)
FNDA:0,(anonymous_12)
FNDA:0,(anonymous_13)
FNDA:0,(anonymous_14)
FNDA:0,(anonymous_15)
FNDA:0,(anonymous_16)
FNDA:0,(anonymous_17)
DA:131,0
DA:132,0
DA:133,0
DA:134,0
DA:142,0
DA:161,0
DA:162,0
DA:168,0
DA:169,0
DA:170,0
DA:178,0
DA:182,0
DA:183,0
DA:191,0
DA:192,0
DA:193,0
DA:194,0
DA:195,0
DA:196,0
DA:198,0
DA:200,0
DA:208,0
DA:209,0
DA:212,0
DA:215,0
DA:218,0
DA:219,0
DA:222,0
DA:223,0
DA:226,0
DA:227,0
DA:230,0
DA:231,0
DA:234,0
DA:235,0
DA:238,0
DA:239,0
DA:242,0
DA:243,0
DA:245,0
DA:248,0
DA:249,0
DA:257,0
LF:43
LH:0
BRDA:195,0,0,0
BRDA:195,0,1,0
BRDA:230,1,0,0
BRDA:230,1,1,0
BRDA:234,2,0,0
BRDA:234,2,1,0
BRDA:238,3,0,0
BRDA:238,3,1,0
BRDA:242,4,0,0
BRDA:242,4,1,0
BRF:10
BRH:0
end_of_record
TN:
SF:D:\blibli\blibliExperience\blibliweb\src\views\user\KonfirmasiPemesanan.vue
FN:142,(anonymous_1)
FN:160,(anonymous_2)
FN:166,(anonymous_3)
FN:173,(anonymous_4)
FN:178,(anonymous_5)
FN:184,(anonymous_6)
FN:193,(anonymous_7)
FN:198,(anonymous_8)
FN:209,(anonymous_9)
FN:217,(anonymous_10)
FN:218,(anonymous_11)
FN:223,(anonymous_12)
FN:226,(anonymous_13)
FN:245,(anonymous_14)
FN:253,(anonymous_15)
FN:257,(anonymous_16)
FNF:16
FNH:0
FNDA:0,(anonymous_1)
FNDA:0,(anonymous_2)
FNDA:0,(anonymous_3)
FNDA:0,(anonymous_4)
FNDA:0,(anonymous_5)
FNDA:0,(anonymous_6)
FNDA:0,(anonymous_7)
FNDA:0,(anonymous_8)
FNDA:0,(anonymous_9)
FNDA:0,(anonymous_10)
FNDA:0,(anonymous_11)
FNDA:0,(anonymous_12)
FNDA:0,(anonymous_13)
FNDA:0,(anonymous_14)
FNDA:0,(anonymous_15)
FNDA:0,(anonymous_16)
DA:134,0
DA:135,0
DA:136,0
DA:143,0
DA:161,0
DA:162,0
DA:163,0
DA:167,0
DA:168,0
DA:170,0
DA:171,0
DA:173,0
DA:174,0
DA:175,0
DA:181,0
DA:182,0
DA:183,0
DA:191,0
DA:192,0
DA:195,0
DA:200,0
DA:201,0
DA:207,0
DA:208,0
DA:216,0
DA:217,0
DA:220,0
DA:224,0
DA:227,0
DA:228,0
DA:233,0
DA:234,0
DA:235,0
DA:236,0
DA:238,0
DA:246,0
DA:247,0
DA:248,0
DA:249,0
DA:254,0
DA:255,0
DA:258,0
DA:259,0
LF:43
LH:0
BRDA:167,0,0,0
BRDA:167,0,1,0
BRDA:227,1,0,0
BRDA:227,1,1,0
BRDA:234,2,0,0
BRDA:234,2,1,0
BRDA:248,3,0,0
BRDA:248,3,1,0
BRF:8
BRH:0
end_of_record
TN:
SF:D:\blibli\blibliExperience\blibliweb\src\views\user\LelangSukses.vue
FNF:0
FNH:0
DA:16,0
DA:17,0
LF:2
LH:0
BRF:0
BRH:0
end_of_record
TN:
SF:D:\blibli\blibliExperience\blibliweb\src\views\user\Payment.vue
FN:112,(anonymous_1)
FN:124,(anonymous_2)
FN:129,(anonymous_3)
FN:152,(anonymous_4)
FN:161,(anonymous_5)
FN:169,(anonymous_6)
FN:170,(anonymous_7)
FN:178,(anonymous_8)
FN:184,(anonymous_9)
FN:194,(anonymous_10)
FN:199,(anonymous_11)
FN:206,(anonymous_12)
FN:210,(anonymous_13)
FN:215,(anonymous_14)
FNF:14
FNH:0
FNDA:0,(anonymous_1)
FNDA:0,(anonymous_2)
FNDA:0,(anonymous_3)
FNDA:0,(anonymous_4)
FNDA:0,(anonymous_5)
FNDA:0,(anonymous_6)
FNDA:0,(anonymous_7)
FNDA:0,(anonymous_8)
FNDA:0,(anonymous_9)
FNDA:0,(anonymous_10)
FNDA:0,(anonymous_11)
FNDA:0,(anonymous_12)
FNDA:0,(anonymous_13)
FNDA:0,(anonymous_14)
DA:104,0
DA:105,0
DA:106,0
DA:113,0
DA:125,0
DA:126,0
DA:130,0
DA:131,0
DA:132,0
DA:133,0
DA:134,0
DA:135,0
DA:136,0
DA:137,0
DA:138,0
DA:139,0
DA:140,0
DA:141,0
DA:142,0
DA:143,0
DA:144,0
DA:145,0
DA:146,0
DA:147,0
DA:148,0
DA:149,0
DA:154,0
DA:155,0
DA:159,0
DA:160,0
DA:168,0
DA:169,0
DA:172,0
DA:175,0
DA:181,0
DA:182,0
DA:183,0
DA:191,0
DA:197,0
DA:198,0
DA:206,0
DA:207,0
DA:209,0
DA:212,0
DA:216,0
DA:217,0
LF:46
LH:0
BRDA:130,0,0,0
BRDA:130,0,1,0
BRDA:135,1,0,0
BRDA:135,1,1,0
BRDA:140,2,0,0
BRDA:140,2,1,0
BRDA:145,3,0,0
BRDA:145,3,1,0
BRDA:154,4,0,0
BRDA:154,4,1,0
BRF:10
BRH:0
end_of_record
TN:
SF:D:\blibli\blibliExperience\blibliweb\src\views\user\PaymentLelang.vue
FN:112,(anonymous_1)
FN:124,(anonymous_2)
FN:129,(anonymous_3)
FN:152,(anonymous_4)
FN:161,(anonymous_5)
FN:169,(anonymous_6)
FN:170,(anonymous_7)
FN:178,(anonymous_8)
FN:184,(anonymous_9)
FN:194,(anonymous_10)
FN:197,(anonymous_11)
FN:205,(anonymous_12)
FN:210,(anonymous_13)
FNF:13
FNH:0
FNDA:0,(anonymous_1)
FNDA:0,(anonymous_2)
FNDA:0,(anonymous_3)
FNDA:0,(anonymous_4)
FNDA:0,(anonymous_5)
FNDA:0,(anonymous_6)
FNDA:0,(anonymous_7)
FNDA:0,(anonymous_8)
FNDA:0,(anonymous_9)
FNDA:0,(anonymous_10)
FNDA:0,(anonymous_11)
FNDA:0,(anonymous_12)
FNDA:0,(anonymous_13)
DA:104,0
DA:105,0
DA:106,0
DA:113,0
DA:125,0
DA:126,0
DA:130,0
DA:131,0
DA:132,0
DA:133,0
DA:134,0
DA:135,0
DA:136,0
DA:137,0
DA:138,0
DA:139,0
DA:140,0
DA:141,0
DA:142,0
DA:143,0
DA:144,0
DA:145,0
DA:146,0
DA:147,0
DA:148,0
DA:149,0
DA:154,0
DA:155,0
DA:159,0
DA:160,0
DA:168,0
DA:169,0
DA:175,0
DA:181,0
DA:182,0
DA:183,0
DA:191,0
DA:195,0
DA:196,0
DA:204,0
DA:207,0
DA:211,0
DA:212,0
LF:43
LH:0
BRDA:130,0,0,0
BRDA:130,0,1,0
BRDA:135,1,0,0
BRDA:135,1,1,0
BRDA:140,2,0,0
BRDA:140,2,1,0
BRDA:145,3,0,0
BRDA:145,3,1,0
BRDA:154,4,0,0
BRDA:154,4,1,0
BRF:10
BRH:0
end_of_record
TN:
SF:D:\blibli\blibliExperience\blibliweb\src\views\user\PostProduct.vue
FN:32,(anonymous_1)
FN:42,(anonymous_2)
FN:46,(anonymous_3)
FN:50,(anonymous_4)
FN:54,(anonymous_5)
FN:60,(anonymous_6)
FNF:6
FNH:0
FNDA:0,(anonymous_1)
FNDA:0,(anonymous_2)
FNDA:0,(anonymous_3)
FNDA:0,(anonymous_4)
FNDA:0,(anonymous_5)
FNDA:0,(anonymous_6)
DA:23,0
DA:24,0
DA:25,0
DA:26,0
DA:27,0
DA:28,0
DA:33,0
DA:43,0
DA:47,0
DA:48,0
DA:51,0
DA:52,0
DA:57,0
DA:58,0
DA:59,0
DA:67,0
LF:16
LH:0
BRF:0
BRH:0
end_of_record
TN:
SF:D:\blibli\blibliExperience\blibliweb\src\views\user\Profile.vue
FN:80,(anonymous_1)
FN:97,(anonymous_2)
FN:101,(anonymous_3)
FN:107,(anonymous_4)
FN:129,(anonymous_5)
FN:134,(anonymous_6)
FN:157,(anonymous_7)
FN:165,(anonymous_8)
FN:173,(anonymous_9)
FNF:9
FNH:0
FNDA:0,(anonymous_1)
FNDA:0,(anonymous_2)
FNDA:0,(anonymous_3)
FNDA:0,(anonymous_4)
FNDA:0,(anonymous_5)
FNDA:0,(anonymous_6)
FNDA:0,(anonymous_7)
FNDA:0,(anonymous_8)
FNDA:0,(anonymous_9)
DA:69,0
DA:70,0
DA:71,0
DA:72,0
DA:81,0
DA:98,0
DA:104,0
DA:105,0
DA:106,0
DA:114,0
DA:115,0
DA:117,0
DA:118,0
DA:119,0
DA:120,0
DA:121,0
DA:122,0
DA:123,0
DA:124,0
DA:125,0
DA:126,0
DA:128,0
DA:131,0
DA:135,0
DA:137,0
DA:155,0
DA:156,0
DA:164,0
DA:167,0
DA:174,0
DA:175,0
LF:31
LH:0
BRDA:114,0,0,0
BRDA:114,0,1,0
BRDA:125,1,0,0
BRDA:125,1,1,0
BRF:4
BRH:0
end_of_record
TN:
SF:D:\blibli\blibliExperience\blibliweb\src\views\user\Wishlist.vue
FN:45,(anonymous_1)
FN:49,(anonymous_2)
FN:55,(anonymous_3)
FNF:3
FNH:0
FNDA:0,(anonymous_1)
FNDA:0,(anonymous_2)
FNDA:0,(anonymous_3)
DA:34,0
DA:35,0
DA:36,0
DA:37,0
DA:46,0
DA:52,0
DA:53,0
DA:54,0
DA:62,0
LF:9
LH:0
BRF:0
BRH:0
end_of_record
